{"/Volumes/MacOS Data/try-studio/client/src/App.js": {"path":"/Volumes/MacOS Data/try-studio/client/src/App.js","statementMap":{"0":{"start":{"line":22,"column":21},"end":{"line":22,"column":55}},"1":{"start":{"line":23,"column":14},"end":{"line":23,"column":42}},"2":{"start":{"line":25,"column":0},"end":{"line":25,"column":33}},"3":{"start":{"line":28,"column":15},"end":{"line":28,"column":56}},"4":{"start":{"line":28,"column":36},"end":{"line":28,"column":55}},"5":{"start":{"line":29,"column":2},"end":{"line":29,"column":36}},"6":{"start":{"line":29,"column":23},"end":{"line":29,"column":36}},"7":{"start":{"line":30,"column":2},"end":{"line":30,"column":18}},"8":{"start":{"line":34,"column":2},"end":{"line":48,"column":4}}},"fnMap":{"0":{"name":"AuthIsLoaded","decl":{"start":{"line":27,"column":9},"end":{"line":27,"column":21}},"loc":{"start":{"line":27,"column":37},"end":{"line":31,"column":1}},"line":27},"1":{"name":"(anonymous_1)","decl":{"start":{"line":28,"column":27},"end":{"line":28,"column":28}},"loc":{"start":{"line":28,"column":36},"end":{"line":28,"column":55}},"line":28},"2":{"name":"App","decl":{"start":{"line":33,"column":24},"end":{"line":33,"column":27}},"loc":{"start":{"line":33,"column":31},"end":{"line":49,"column":1}},"line":33}},"branchMap":{"0":{"loc":{"start":{"line":22,"column":21},"end":{"line":22,"column":55}},"type":"binary-expr","locations":[{"start":{"line":22,"column":21},"end":{"line":22,"column":27}},{"start":{"line":22,"column":31},"end":{"line":22,"column":55}}],"line":22},"1":{"loc":{"start":{"line":29,"column":2},"end":{"line":29,"column":36}},"type":"if","locations":[{"start":{"line":29,"column":2},"end":{"line":29,"column":36}},{"start":{"line":29,"column":2},"end":{"line":29,"column":36}}],"line":29}},"s":{"0":1,"1":1,"2":1,"3":0,"4":0,"5":0,"6":0,"7":0,"8":0},"f":{"0":0,"1":0,"2":0},"b":{"0":[1,1],"1":[0,0]},"_coverageSchema":"43e27e138ebf9cfc5966b082cf9a028302ed4184","hash":"6988b03cb12300cb0b4f067a55f8e20931711f08"}
,"/Volumes/MacOS Data/try-studio/client/src/RouteWithLayout.js": {"path":"/Volumes/MacOS Data/try-studio/client/src/RouteWithLayout.js","statementMap":{"0":{"start":{"line":9,"column":24},"end":{"line":18,"column":1}},"1":{"start":{"line":10,"column":4},"end":{"line":17,"column":6}},"2":{"start":{"line":13,"column":12},"end":{"line":15,"column":21}}},"fnMap":{"0":{"name":"(anonymous_0)","decl":{"start":{"line":9,"column":24},"end":{"line":9,"column":25}},"loc":{"start":{"line":10,"column":4},"end":{"line":17,"column":6}},"line":10},"1":{"name":"(anonymous_1)","decl":{"start":{"line":12,"column":16},"end":{"line":12,"column":17}},"loc":{"start":{"line":13,"column":12},"end":{"line":15,"column":21}},"line":13}},"branchMap":{},"s":{"0":1,"1":0,"2":0},"f":{"0":0,"1":0},"b":{},"_coverageSchema":"43e27e138ebf9cfc5966b082cf9a028302ed4184","hash":"6e1479ad7d1d52438582b91beb09564843acab01"}
,"/Volumes/MacOS Data/try-studio/client/src/Routes.js": {"path":"/Volumes/MacOS Data/try-studio/client/src/Routes.js","statementMap":{"0":{"start":{"line":14,"column":15},"end":{"line":29,"column":1}},"1":{"start":{"line":15,"column":2},"end":{"line":28,"column":4}}},"fnMap":{"0":{"name":"(anonymous_0)","decl":{"start":{"line":14,"column":15},"end":{"line":14,"column":16}},"loc":{"start":{"line":14,"column":21},"end":{"line":29,"column":1}},"line":14}},"branchMap":{},"s":{"0":1,"1":0},"f":{"0":0},"b":{},"_coverageSchema":"43e27e138ebf9cfc5966b082cf9a028302ed4184","hash":"ee3c59349e398861e677c04bea1915adc24b5e86"}
,"/Volumes/MacOS Data/try-studio/client/src/Theme.js": {"path":"/Volumes/MacOS Data/try-studio/client/src/Theme.js","statementMap":{"0":{"start":{"line":3,"column":14},"end":{"line":57,"column":2}}},"fnMap":{},"branchMap":{},"s":{"0":1},"f":{},"b":{},"_coverageSchema":"43e27e138ebf9cfc5966b082cf9a028302ed4184","hash":"1dcdd6ae9dce6f4e7f07c1a82b7fa744b04d4ce6"}
,"/Volumes/MacOS Data/try-studio/client/src/config.js": {"path":"/Volumes/MacOS Data/try-studio/client/src/config.js","statementMap":{"0":{"start":{"line":1,"column":24},"end":{"line":10,"column":1}},"1":{"start":{"line":12,"column":29},"end":{"line":16,"column":1}}},"fnMap":{},"branchMap":{},"s":{"0":1,"1":1},"f":{},"b":{},"_coverageSchema":"43e27e138ebf9cfc5966b082cf9a028302ed4184","hash":"0f5ee9d01db7c3815372f517aabb8f1c38e82fbc"}
,"/Volumes/MacOS Data/try-studio/client/src/history.js": {"path":"/Volumes/MacOS Data/try-studio/client/src/history.js","statementMap":{},"fnMap":{},"branchMap":{},"s":{},"f":{},"b":{},"_coverageSchema":"43e27e138ebf9cfc5966b082cf9a028302ed4184","hash":"f9d847dcb61b1de30f617765832acf97abb8f866"}
,"/Volumes/MacOS Data/try-studio/client/src/index.js": {"path":"/Volumes/MacOS Data/try-studio/client/src/index.js","statementMap":{"0":{"start":{"line":7,"column":0},"end":{"line":7,"column":58}},"1":{"start":{"line":12,"column":0},"end":{"line":12,"column":27}}},"fnMap":{},"branchMap":{},"s":{"0":0,"1":0},"f":{},"b":{},"hash":"ac951e9affd801beb955d93e91e1768b1263e934"}
,"/Volumes/MacOS Data/try-studio/client/src/serviceWorker.js": {"path":"/Volumes/MacOS Data/try-studio/client/src/serviceWorker.js","statementMap":{"0":{"start":{"line":13,"column":20},"end":{"line":21,"column":1}},"1":{"start":{"line":24,"column":2},"end":{"line":54,"column":3}},"2":{"start":{"line":26,"column":22},"end":{"line":26,"column":75}},"3":{"start":{"line":27,"column":4},"end":{"line":32,"column":5}},"4":{"start":{"line":31,"column":6},"end":{"line":31,"column":13}},"5":{"start":{"line":34,"column":4},"end":{"line":53,"column":7}},"6":{"start":{"line":35,"column":20},"end":{"line":35,"column":65}},"7":{"start":{"line":37,"column":6},"end":{"line":52,"column":7}},"8":{"start":{"line":39,"column":8},"end":{"line":39,"column":47}},"9":{"start":{"line":43,"column":8},"end":{"line":48,"column":11}},"10":{"start":{"line":44,"column":10},"end":{"line":47,"column":12}},"11":{"start":{"line":51,"column":8},"end":{"line":51,"column":39}},"12":{"start":{"line":58,"column":2},"end":{"line":98,"column":7}},"13":{"start":{"line":61,"column":6},"end":{"line":94,"column":8}},"14":{"start":{"line":62,"column":33},"end":{"line":62,"column":56}},"15":{"start":{"line":63,"column":8},"end":{"line":65,"column":9}},"16":{"start":{"line":64,"column":10},"end":{"line":64,"column":17}},"17":{"start":{"line":66,"column":8},"end":{"line":93,"column":10}},"18":{"start":{"line":67,"column":10},"end":{"line":92,"column":11}},"19":{"start":{"line":68,"column":12},"end":{"line":91,"column":13}},"20":{"start":{"line":72,"column":14},"end":{"line":75,"column":16}},"21":{"start":{"line":78,"column":14},"end":{"line":80,"column":15}},"22":{"start":{"line":79,"column":16},"end":{"line":79,"column":46}},"23":{"start":{"line":85,"column":14},"end":{"line":85,"column":64}},"24":{"start":{"line":88,"column":14},"end":{"line":90,"column":15}},"25":{"start":{"line":89,"column":16},"end":{"line":89,"column":47}},"26":{"start":{"line":97,"column":6},"end":{"line":97,"column":72}},"27":{"start":{"line":103,"column":2},"end":{"line":128,"column":7}},"28":{"start":{"line":108,"column":26},"end":{"line":108,"column":62}},"29":{"start":{"line":109,"column":6},"end":{"line":122,"column":7}},"30":{"start":{"line":114,"column":8},"end":{"line":118,"column":11}},"31":{"start":{"line":115,"column":10},"end":{"line":117,"column":13}},"32":{"start":{"line":116,"column":12},"end":{"line":116,"column":37}},"33":{"start":{"line":121,"column":8},"end":{"line":121,"column":39}},"34":{"start":{"line":125,"column":6},"end":{"line":127,"column":8}},"35":{"start":{"line":132,"column":2},"end":{"line":140,"column":3}},"36":{"start":{"line":133,"column":4},"end":{"line":139,"column":9}},"37":{"start":{"line":135,"column":8},"end":{"line":135,"column":34}},"38":{"start":{"line":138,"column":8},"end":{"line":138,"column":37}}},"fnMap":{"0":{"name":"register","decl":{"start":{"line":23,"column":16},"end":{"line":23,"column":24}},"loc":{"start":{"line":23,"column":33},"end":{"line":55,"column":1}},"line":23},"1":{"name":"(anonymous_1)","decl":{"start":{"line":34,"column":36},"end":{"line":34,"column":37}},"loc":{"start":{"line":34,"column":42},"end":{"line":53,"column":5}},"line":34},"2":{"name":"(anonymous_2)","decl":{"start":{"line":43,"column":43},"end":{"line":43,"column":44}},"loc":{"start":{"line":43,"column":49},"end":{"line":48,"column":9}},"line":43},"3":{"name":"registerValidSW","decl":{"start":{"line":57,"column":9},"end":{"line":57,"column":24}},"loc":{"start":{"line":57,"column":40},"end":{"line":99,"column":1}},"line":57},"4":{"name":"(anonymous_4)","decl":{"start":{"line":60,"column":10},"end":{"line":60,"column":11}},"loc":{"start":{"line":60,"column":26},"end":{"line":95,"column":5}},"line":60},"5":{"name":"(anonymous_5)","decl":{"start":{"line":61,"column":35},"end":{"line":61,"column":36}},"loc":{"start":{"line":61,"column":41},"end":{"line":94,"column":7}},"line":61},"6":{"name":"(anonymous_6)","decl":{"start":{"line":66,"column":41},"end":{"line":66,"column":42}},"loc":{"start":{"line":66,"column":47},"end":{"line":93,"column":9}},"line":66},"7":{"name":"(anonymous_7)","decl":{"start":{"line":96,"column":11},"end":{"line":96,"column":12}},"loc":{"start":{"line":96,"column":20},"end":{"line":98,"column":5}},"line":96},"8":{"name":"checkValidServiceWorker","decl":{"start":{"line":101,"column":9},"end":{"line":101,"column":32}},"loc":{"start":{"line":101,"column":48},"end":{"line":129,"column":1}},"line":101},"9":{"name":"(anonymous_9)","decl":{"start":{"line":106,"column":10},"end":{"line":106,"column":11}},"loc":{"start":{"line":106,"column":22},"end":{"line":123,"column":5}},"line":106},"10":{"name":"(anonymous_10)","decl":{"start":{"line":114,"column":43},"end":{"line":114,"column":44}},"loc":{"start":{"line":114,"column":59},"end":{"line":118,"column":9}},"line":114},"11":{"name":"(anonymous_11)","decl":{"start":{"line":115,"column":41},"end":{"line":115,"column":42}},"loc":{"start":{"line":115,"column":47},"end":{"line":117,"column":11}},"line":115},"12":{"name":"(anonymous_12)","decl":{"start":{"line":124,"column":11},"end":{"line":124,"column":12}},"loc":{"start":{"line":124,"column":17},"end":{"line":128,"column":5}},"line":124},"13":{"name":"unregister","decl":{"start":{"line":131,"column":16},"end":{"line":131,"column":26}},"loc":{"start":{"line":131,"column":29},"end":{"line":141,"column":1}},"line":131},"14":{"name":"(anonymous_14)","decl":{"start":{"line":134,"column":12},"end":{"line":134,"column":13}},"loc":{"start":{"line":134,"column":28},"end":{"line":136,"column":7}},"line":134},"15":{"name":"(anonymous_15)","decl":{"start":{"line":137,"column":13},"end":{"line":137,"column":14}},"loc":{"start":{"line":137,"column":22},"end":{"line":139,"column":7}},"line":137}},"branchMap":{"0":{"loc":{"start":{"line":14,"column":2},"end":{"line":20,"column":5}},"type":"binary-expr","locations":[{"start":{"line":14,"column":2},"end":{"line":14,"column":42}},{"start":{"line":16,"column":4},"end":{"line":16,"column":40}},{"start":{"line":18,"column":4},"end":{"line":20,"column":5}}],"line":14},"1":{"loc":{"start":{"line":24,"column":2},"end":{"line":54,"column":3}},"type":"if","locations":[{"start":{"line":24,"column":2},"end":{"line":54,"column":3}},{"start":{"line":24,"column":2},"end":{"line":54,"column":3}}],"line":24},"2":{"loc":{"start":{"line":24,"column":6},"end":{"line":24,"column":75}},"type":"binary-expr","locations":[{"start":{"line":24,"column":6},"end":{"line":24,"column":43}},{"start":{"line":24,"column":47},"end":{"line":24,"column":75}}],"line":24},"3":{"loc":{"start":{"line":27,"column":4},"end":{"line":32,"column":5}},"type":"if","locations":[{"start":{"line":27,"column":4},"end":{"line":32,"column":5}},{"start":{"line":27,"column":4},"end":{"line":32,"column":5}}],"line":27},"4":{"loc":{"start":{"line":37,"column":6},"end":{"line":52,"column":7}},"type":"if","locations":[{"start":{"line":37,"column":6},"end":{"line":52,"column":7}},{"start":{"line":37,"column":6},"end":{"line":52,"column":7}}],"line":37},"5":{"loc":{"start":{"line":63,"column":8},"end":{"line":65,"column":9}},"type":"if","locations":[{"start":{"line":63,"column":8},"end":{"line":65,"column":9}},{"start":{"line":63,"column":8},"end":{"line":65,"column":9}}],"line":63},"6":{"loc":{"start":{"line":67,"column":10},"end":{"line":92,"column":11}},"type":"if","locations":[{"start":{"line":67,"column":10},"end":{"line":92,"column":11}},{"start":{"line":67,"column":10},"end":{"line":92,"column":11}}],"line":67},"7":{"loc":{"start":{"line":68,"column":12},"end":{"line":91,"column":13}},"type":"if","locations":[{"start":{"line":68,"column":12},"end":{"line":91,"column":13}},{"start":{"line":68,"column":12},"end":{"line":91,"column":13}}],"line":68},"8":{"loc":{"start":{"line":78,"column":14},"end":{"line":80,"column":15}},"type":"if","locations":[{"start":{"line":78,"column":14},"end":{"line":80,"column":15}},{"start":{"line":78,"column":14},"end":{"line":80,"column":15}}],"line":78},"9":{"loc":{"start":{"line":78,"column":18},"end":{"line":78,"column":43}},"type":"binary-expr","locations":[{"start":{"line":78,"column":18},"end":{"line":78,"column":24}},{"start":{"line":78,"column":28},"end":{"line":78,"column":43}}],"line":78},"10":{"loc":{"start":{"line":88,"column":14},"end":{"line":90,"column":15}},"type":"if","locations":[{"start":{"line":88,"column":14},"end":{"line":90,"column":15}},{"start":{"line":88,"column":14},"end":{"line":90,"column":15}}],"line":88},"11":{"loc":{"start":{"line":88,"column":18},"end":{"line":88,"column":44}},"type":"binary-expr","locations":[{"start":{"line":88,"column":18},"end":{"line":88,"column":24}},{"start":{"line":88,"column":28},"end":{"line":88,"column":44}}],"line":88},"12":{"loc":{"start":{"line":109,"column":6},"end":{"line":122,"column":7}},"type":"if","locations":[{"start":{"line":109,"column":6},"end":{"line":122,"column":7}},{"start":{"line":109,"column":6},"end":{"line":122,"column":7}}],"line":109},"13":{"loc":{"start":{"line":110,"column":8},"end":{"line":111,"column":73}},"type":"binary-expr","locations":[{"start":{"line":110,"column":8},"end":{"line":110,"column":31}},{"start":{"line":111,"column":9},"end":{"line":111,"column":28}},{"start":{"line":111,"column":32},"end":{"line":111,"column":72}}],"line":110},"14":{"loc":{"start":{"line":132,"column":2},"end":{"line":140,"column":3}},"type":"if","locations":[{"start":{"line":132,"column":2},"end":{"line":140,"column":3}},{"start":{"line":132,"column":2},"end":{"line":140,"column":3}}],"line":132}},"s":{"0":0,"1":0,"2":0,"3":0,"4":0,"5":0,"6":0,"7":0,"8":0,"9":0,"10":0,"11":0,"12":0,"13":0,"14":0,"15":0,"16":0,"17":0,"18":0,"19":0,"20":0,"21":0,"22":0,"23":0,"24":0,"25":0,"26":0,"27":0,"28":0,"29":0,"30":0,"31":0,"32":0,"33":0,"34":0,"35":0,"36":0,"37":0,"38":0},"f":{"0":0,"1":0,"2":0,"3":0,"4":0,"5":0,"6":0,"7":0,"8":0,"9":0,"10":0,"11":0,"12":0,"13":0,"14":0,"15":0},"b":{"0":[0,0,0],"1":[0,0],"2":[0,0],"3":[0,0],"4":[0,0],"5":[0,0],"6":[0,0],"7":[0,0],"8":[0,0],"9":[0,0],"10":[0,0],"11":[0,0],"12":[0,0],"13":[0,0,0],"14":[0,0]},"hash":"43079c14ee76d3079bbca7b0085837780edbd564"}
,"/Volumes/MacOS Data/try-studio/client/src/store.js": {"path":"/Volumes/MacOS Data/try-studio/client/src/store.js","statementMap":{"0":{"start":{"line":7,"column":21},"end":{"line":9,"column":3}},"1":{"start":{"line":10,"column":36},"end":{"line":13,"column":16}},"2":{"start":{"line":12,"column":90},"end":{"line":12,"column":125}},"3":{"start":{"line":12,"column":133},"end":{"line":12,"column":134}},"4":{"start":{"line":14,"column":16},"end":{"line":14,"column":54}},"5":{"start":{"line":16,"column":2},"end":{"line":22,"column":3}},"6":{"start":{"line":18,"column":4},"end":{"line":21,"column":6}},"7":{"start":{"line":19,"column":30},"end":{"line":19,"column":69}},"8":{"start":{"line":20,"column":6},"end":{"line":20,"column":43}},"9":{"start":{"line":24,"column":2},"end":{"line":24,"column":14}}},"fnMap":{"0":{"name":"configureStore","decl":{"start":{"line":6,"column":24},"end":{"line":6,"column":38}},"loc":{"start":{"line":6,"column":63},"end":{"line":25,"column":1}},"line":6},"1":{"name":"(anonymous_1)","decl":{"start":{"line":12,"column":84},"end":{"line":12,"column":85}},"loc":{"start":{"line":12,"column":90},"end":{"line":12,"column":125}},"line":12},"2":{"name":"(anonymous_2)","decl":{"start":{"line":12,"column":128},"end":{"line":12,"column":129}},"loc":{"start":{"line":12,"column":133},"end":{"line":12,"column":134}},"line":12},"3":{"name":"(anonymous_3)","decl":{"start":{"line":18,"column":54},"end":{"line":18,"column":55}},"loc":{"start":{"line":18,"column":60},"end":{"line":21,"column":5}},"line":18}},"branchMap":{"0":{"loc":{"start":{"line":12,"column":4},"end":{"line":12,"column":134}},"type":"cond-expr","locations":[{"start":{"line":12,"column":84},"end":{"line":12,"column":125}},{"start":{"line":12,"column":128},"end":{"line":12,"column":134}}],"line":12},"1":{"loc":{"start":{"line":12,"column":4},"end":{"line":12,"column":81}},"type":"binary-expr","locations":[{"start":{"line":12,"column":4},"end":{"line":12,"column":30}},{"start":{"line":12,"column":34},"end":{"line":12,"column":81}}],"line":12},"2":{"loc":{"start":{"line":16,"column":2},"end":{"line":22,"column":3}},"type":"if","locations":[{"start":{"line":16,"column":2},"end":{"line":22,"column":3}},{"start":{"line":16,"column":2},"end":{"line":22,"column":3}}],"line":16}},"s":{"0":1,"1":1,"2":0,"3":1,"4":1,"5":1,"6":0,"7":0,"8":0,"9":1},"f":{"0":1,"1":0,"2":1,"3":0},"b":{"0":[0,1],"1":[1,1],"2":[0,1]},"_coverageSchema":"43e27e138ebf9cfc5966b082cf9a028302ed4184","hash":"cd3abbdf44319107c32ebaa00859070d41a8c507"}
,"/Volumes/MacOS Data/try-studio/client/src/components/Businesses.js": {"path":"/Volumes/MacOS Data/try-studio/client/src/components/Businesses.js","statementMap":{"0":{"start":{"line":20,"column":18},"end":{"line":33,"column":2}},"1":{"start":{"line":35,"column":14},"end":{"line":41,"column":1}},"2":{"start":{"line":43,"column":19},"end":{"line":103,"column":1}},"3":{"start":{"line":44,"column":40},"end":{"line":44,"column":45}},"4":{"start":{"line":46,"column":42},"end":{"line":46,"column":57}},"5":{"start":{"line":47,"column":50},"end":{"line":47,"column":65}},"6":{"start":{"line":48,"column":44},"end":{"line":48,"column":58}},"7":{"start":{"line":50,"column":18},"end":{"line":50,"column":29}},"8":{"start":{"line":52,"column":2},"end":{"line":55,"column":9}},"9":{"start":{"line":53,"column":4},"end":{"line":53,"column":40}},"10":{"start":{"line":54,"column":4},"end":{"line":54,"column":20}},"11":{"start":{"line":57,"column":2},"end":{"line":102,"column":4}},"12":{"start":{"line":60,"column":8},"end":{"line":82,"column":15}},"13":{"start":{"line":80,"column":71},"end":{"line":80,"column":97}},"14":{"start":{"line":80,"column":98},"end":{"line":80,"column":119}},"15":{"start":{"line":85,"column":68},"end":{"line":85,"column":90}},"16":{"start":{"line":89,"column":32},"end":{"line":89,"column":57}},"17":{"start":{"line":97,"column":74},"end":{"line":97,"column":100}},"18":{"start":{"line":105,"column":24},"end":{"line":110,"column":1}},"19":{"start":{"line":106,"column":2},"end":{"line":109,"column":4}},"20":{"start":{"line":112,"column":27},"end":{"line":116,"column":1}},"21":{"start":{"line":113,"column":2},"end":{"line":115,"column":4}},"22":{"start":{"line":114,"column":25},"end":{"line":114,"column":50}}},"fnMap":{"0":{"name":"(anonymous_0)","decl":{"start":{"line":43,"column":19},"end":{"line":43,"column":20}},"loc":{"start":{"line":43,"column":28},"end":{"line":103,"column":1}},"line":43},"1":{"name":"(anonymous_1)","decl":{"start":{"line":52,"column":12},"end":{"line":52,"column":13}},"loc":{"start":{"line":52,"column":18},"end":{"line":55,"column":3}},"line":52},"2":{"name":"(anonymous_2)","decl":{"start":{"line":59,"column":22},"end":{"line":59,"column":23}},"loc":{"start":{"line":60,"column":8},"end":{"line":82,"column":15}},"line":60},"3":{"name":"(anonymous_3)","decl":{"start":{"line":80,"column":64},"end":{"line":80,"column":65}},"loc":{"start":{"line":80,"column":70},"end":{"line":80,"column":120}},"line":80},"4":{"name":"(anonymous_4)","decl":{"start":{"line":85,"column":61},"end":{"line":85,"column":62}},"loc":{"start":{"line":85,"column":67},"end":{"line":85,"column":91}},"line":85},"5":{"name":"(anonymous_5)","decl":{"start":{"line":89,"column":25},"end":{"line":89,"column":26}},"loc":{"start":{"line":89,"column":31},"end":{"line":89,"column":58}},"line":89},"6":{"name":"(anonymous_6)","decl":{"start":{"line":97,"column":67},"end":{"line":97,"column":68}},"loc":{"start":{"line":97,"column":73},"end":{"line":97,"column":101}},"line":97},"7":{"name":"(anonymous_7)","decl":{"start":{"line":105,"column":24},"end":{"line":105,"column":25}},"loc":{"start":{"line":105,"column":35},"end":{"line":110,"column":1}},"line":105},"8":{"name":"(anonymous_8)","decl":{"start":{"line":112,"column":27},"end":{"line":112,"column":28}},"loc":{"start":{"line":112,"column":41},"end":{"line":116,"column":1}},"line":112},"9":{"name":"(anonymous_9)","decl":{"start":{"line":114,"column":19},"end":{"line":114,"column":20}},"loc":{"start":{"line":114,"column":25},"end":{"line":114,"column":50}},"line":114}},"branchMap":{"0":{"loc":{"start":{"line":84,"column":7},"end":{"line":87,"column":22}},"type":"cond-expr","locations":[{"start":{"line":85,"column":6},"end":{"line":87,"column":14}},{"start":{"line":87,"column":17},"end":{"line":87,"column":22}}],"line":84}},"s":{"0":1,"1":1,"2":1,"3":0,"4":0,"5":0,"6":0,"7":0,"8":0,"9":0,"10":0,"11":0,"12":0,"13":0,"14":0,"15":0,"16":0,"17":0,"18":1,"19":0,"20":1,"21":0,"22":0},"f":{"0":0,"1":0,"2":0,"3":0,"4":0,"5":0,"6":0,"7":0,"8":0,"9":0},"b":{"0":[0,0]},"_coverageSchema":"43e27e138ebf9cfc5966b082cf9a028302ed4184","hash":"fd8139439c9f4de28c98684eccb55bb6dd27a6f4"}
,"/Volumes/MacOS Data/try-studio/client/src/components/LicenseTable.js": {"path":"/Volumes/MacOS Data/try-studio/client/src/components/LicenseTable.js","statementMap":{"0":{"start":{"line":10,"column":17},"end":{"line":21,"column":1}},"1":{"start":{"line":12,"column":2},"end":{"line":14,"column":13}},"2":{"start":{"line":13,"column":8},"end":{"line":13,"column":32}},"3":{"start":{"line":18,"column":2},"end":{"line":20,"column":4}},"4":{"start":{"line":23,"column":24},"end":{"line":28,"column":1}},"5":{"start":{"line":24,"column":2},"end":{"line":27,"column":4}},"6":{"start":{"line":30,"column":27},"end":{"line":34,"column":1}},"7":{"start":{"line":31,"column":2},"end":{"line":33,"column":4}},"8":{"start":{"line":32,"column":33},"end":{"line":32,"column":66}}},"fnMap":{"0":{"name":"(anonymous_0)","decl":{"start":{"line":10,"column":17},"end":{"line":10,"column":18}},"loc":{"start":{"line":10,"column":58},"end":{"line":21,"column":1}},"line":10},"1":{"name":"(anonymous_1)","decl":{"start":{"line":12,"column":12},"end":{"line":12,"column":13}},"loc":{"start":{"line":12,"column":18},"end":{"line":14,"column":7}},"line":12},"2":{"name":"(anonymous_2)","decl":{"start":{"line":23,"column":24},"end":{"line":23,"column":25}},"loc":{"start":{"line":23,"column":35},"end":{"line":28,"column":1}},"line":23},"3":{"name":"(anonymous_3)","decl":{"start":{"line":30,"column":27},"end":{"line":30,"column":28}},"loc":{"start":{"line":30,"column":41},"end":{"line":34,"column":1}},"line":30},"4":{"name":"(anonymous_4)","decl":{"start":{"line":32,"column":17},"end":{"line":32,"column":18}},"loc":{"start":{"line":32,"column":33},"end":{"line":32,"column":66}},"line":32}},"branchMap":{},"s":{"0":1,"1":0,"2":0,"3":0,"4":1,"5":0,"6":1,"7":0,"8":0},"f":{"0":0,"1":0,"2":0,"3":0,"4":0},"b":{},"_coverageSchema":"43e27e138ebf9cfc5966b082cf9a028302ed4184","hash":"3b0117e8fa77afc1056f03eb8877c5288e3078a6"}
,"/Volumes/MacOS Data/try-studio/client/src/components/LinearDeterminate.js": {"path":"/Volumes/MacOS Data/try-studio/client/src/components/LinearDeterminate.js","statementMap":{"0":{"start":{"line":4,"column":26},"end":{"line":12,"column":18}}},"fnMap":{},"branchMap":{},"s":{"0":1},"f":{},"b":{},"_coverageSchema":"43e27e138ebf9cfc5966b082cf9a028302ed4184","hash":"8939d1f65f33c19b6f4be21aaa1725389dd53aee"}
,"/Volumes/MacOS Data/try-studio/client/src/components/ListItems.js": {"path":"/Volumes/MacOS Data/try-studio/client/src/components/ListItems.js","statementMap":{"0":{"start":{"line":15,"column":14},"end":{"line":20,"column":1}},"1":{"start":{"line":23,"column":18},"end":{"line":32,"column":1}},"2":{"start":{"line":24,"column":2},"end":{"line":31,"column":8}}},"fnMap":{"0":{"name":"(anonymous_0)","decl":{"start":{"line":23,"column":28},"end":{"line":23,"column":29}},"loc":{"start":{"line":24,"column":2},"end":{"line":31,"column":8}},"line":24}},"branchMap":{},"s":{"0":1,"1":1,"2":4},"f":{"0":4},"b":{},"_coverageSchema":"43e27e138ebf9cfc5966b082cf9a028302ed4184","hash":"19615e0aa50b78c6882d1f5e31d4a69f178fe12b"}
,"/Volumes/MacOS Data/try-studio/client/src/components/Location.js": {"path":"/Volumes/MacOS Data/try-studio/client/src/components/Location.js","statementMap":{"0":{"start":{"line":13,"column":2},"end":{"line":15,"column":3}},"1":{"start":{"line":14,"column":4},"end":{"line":14,"column":11}},"2":{"start":{"line":17,"column":17},"end":{"line":17,"column":49}},"3":{"start":{"line":18,"column":2},"end":{"line":18,"column":35}},"4":{"start":{"line":19,"column":2},"end":{"line":19,"column":32}},"5":{"start":{"line":20,"column":2},"end":{"line":20,"column":19}},"6":{"start":{"line":21,"column":2},"end":{"line":21,"column":31}},"7":{"start":{"line":24,"column":28},"end":{"line":24,"column":45}},"8":{"start":{"line":26,"column":18},"end":{"line":31,"column":3}},"9":{"start":{"line":26,"column":41},"end":{"line":31,"column":1}},"10":{"start":{"line":34,"column":18},"end":{"line":34,"column":29}},"11":{"start":{"line":35,"column":38},"end":{"line":35,"column":56}},"12":{"start":{"line":36,"column":32},"end":{"line":36,"column":50}},"13":{"start":{"line":37,"column":38},"end":{"line":37,"column":56}},"14":{"start":{"line":38,"column":17},"end":{"line":38,"column":36}},"15":{"start":{"line":40,"column":2},"end":{"line":49,"column":3}},"16":{"start":{"line":41,"column":4},"end":{"line":47,"column":5}},"17":{"start":{"line":42,"column":6},"end":{"line":46,"column":8}},"18":{"start":{"line":48,"column":4},"end":{"line":48,"column":26}},"19":{"start":{"line":51,"column":23},"end":{"line":54,"column":3}},"20":{"start":{"line":52,"column":4},"end":{"line":52,"column":27}},"21":{"start":{"line":53,"column":4},"end":{"line":53,"column":38}},"22":{"start":{"line":56,"column":24},"end":{"line":63,"column":3}},"23":{"start":{"line":57,"column":4},"end":{"line":57,"column":27}},"24":{"start":{"line":58,"column":4},"end":{"line":62,"column":5}},"25":{"start":{"line":59,"column":6},"end":{"line":59,"column":39}},"26":{"start":{"line":60,"column":6},"end":{"line":60,"column":40}},"27":{"start":{"line":65,"column":16},"end":{"line":71,"column":3}},"28":{"start":{"line":67,"column":6},"end":{"line":69,"column":13}},"29":{"start":{"line":68,"column":8},"end":{"line":68,"column":75}},"30":{"start":{"line":73,"column":2},"end":{"line":97,"column":26}},"31":{"start":{"line":74,"column":17},"end":{"line":74,"column":21}},"32":{"start":{"line":76,"column":4},"end":{"line":78,"column":5}},"33":{"start":{"line":77,"column":6},"end":{"line":77,"column":88}},"34":{"start":{"line":79,"column":4},"end":{"line":81,"column":5}},"35":{"start":{"line":80,"column":6},"end":{"line":80,"column":23}},"36":{"start":{"line":83,"column":4},"end":{"line":86,"column":5}},"37":{"start":{"line":84,"column":6},"end":{"line":84,"column":21}},"38":{"start":{"line":85,"column":6},"end":{"line":85,"column":23}},"39":{"start":{"line":88,"column":4},"end":{"line":92,"column":7}},"40":{"start":{"line":89,"column":6},"end":{"line":91,"column":7}},"41":{"start":{"line":90,"column":8},"end":{"line":90,"column":34}},"42":{"start":{"line":94,"column":4},"end":{"line":96,"column":6}},"43":{"start":{"line":95,"column":6},"end":{"line":95,"column":21}},"44":{"start":{"line":99,"column":2},"end":{"line":145,"column":4}},"45":{"start":{"line":104,"column":35},"end":{"line":104,"column":91}},"46":{"start":{"line":105,"column":28},"end":{"line":105,"column":29}},"47":{"start":{"line":110,"column":8},"end":{"line":116,"column":10}},"48":{"start":{"line":119,"column":24},"end":{"line":119,"column":81}},"49":{"start":{"line":120,"column":22},"end":{"line":123,"column":9}},"50":{"start":{"line":122,"column":33},"end":{"line":122,"column":76}},"51":{"start":{"line":125,"column":8},"end":{"line":142,"column":10}},"52":{"start":{"line":132,"column":16},"end":{"line":134,"column":23}}},"fnMap":{"0":{"name":"loadScript","decl":{"start":{"line":12,"column":9},"end":{"line":12,"column":19}},"loc":{"start":{"line":12,"column":39},"end":{"line":22,"column":1}},"line":12},"1":{"name":"(anonymous_1)","decl":{"start":{"line":26,"column":29},"end":{"line":26,"column":30}},"loc":{"start":{"line":26,"column":41},"end":{"line":31,"column":1}},"line":26},"2":{"name":"Location","decl":{"start":{"line":33,"column":24},"end":{"line":33,"column":32}},"loc":{"start":{"line":33,"column":40},"end":{"line":146,"column":1}},"line":33},"3":{"name":"(anonymous_3)","decl":{"start":{"line":51,"column":23},"end":{"line":51,"column":24}},"loc":{"start":{"line":51,"column":34},"end":{"line":54,"column":3}},"line":51},"4":{"name":"(anonymous_4)","decl":{"start":{"line":56,"column":24},"end":{"line":56,"column":25}},"loc":{"start":{"line":56,"column":42},"end":{"line":63,"column":3}},"line":56},"5":{"name":"(anonymous_5)","decl":{"start":{"line":66,"column":4},"end":{"line":66,"column":5}},"loc":{"start":{"line":67,"column":6},"end":{"line":69,"column":13}},"line":67},"6":{"name":"(anonymous_6)","decl":{"start":{"line":67,"column":15},"end":{"line":67,"column":16}},"loc":{"start":{"line":67,"column":38},"end":{"line":69,"column":7}},"line":67},"7":{"name":"(anonymous_7)","decl":{"start":{"line":73,"column":18},"end":{"line":73,"column":19}},"loc":{"start":{"line":73,"column":24},"end":{"line":97,"column":3}},"line":73},"8":{"name":"(anonymous_8)","decl":{"start":{"line":88,"column":33},"end":{"line":88,"column":34}},"loc":{"start":{"line":88,"column":46},"end":{"line":92,"column":5}},"line":88},"9":{"name":"(anonymous_9)","decl":{"start":{"line":94,"column":11},"end":{"line":94,"column":12}},"loc":{"start":{"line":94,"column":17},"end":{"line":96,"column":5}},"line":94},"10":{"name":"(anonymous_10)","decl":{"start":{"line":104,"column":22},"end":{"line":104,"column":23}},"loc":{"start":{"line":104,"column":35},"end":{"line":104,"column":91}},"line":104},"11":{"name":"(anonymous_11)","decl":{"start":{"line":105,"column":21},"end":{"line":105,"column":22}},"loc":{"start":{"line":105,"column":28},"end":{"line":105,"column":29}},"line":105},"12":{"name":"(anonymous_12)","decl":{"start":{"line":109,"column":19},"end":{"line":109,"column":20}},"loc":{"start":{"line":110,"column":8},"end":{"line":116,"column":10}},"line":110},"13":{"name":"(anonymous_13)","decl":{"start":{"line":118,"column":20},"end":{"line":118,"column":21}},"loc":{"start":{"line":118,"column":32},"end":{"line":143,"column":7}},"line":118},"14":{"name":"(anonymous_14)","decl":{"start":{"line":122,"column":22},"end":{"line":122,"column":23}},"loc":{"start":{"line":122,"column":33},"end":{"line":122,"column":76}},"line":122},"15":{"name":"(anonymous_15)","decl":{"start":{"line":131,"column":25},"end":{"line":131,"column":26}},"loc":{"start":{"line":132,"column":16},"end":{"line":134,"column":23}},"line":132}},"branchMap":{"0":{"loc":{"start":{"line":13,"column":2},"end":{"line":15,"column":3}},"type":"if","locations":[{"start":{"line":13,"column":2},"end":{"line":15,"column":3}},{"start":{"line":13,"column":2},"end":{"line":15,"column":3}}],"line":13},"1":{"loc":{"start":{"line":40,"column":2},"end":{"line":49,"column":3}},"type":"if","locations":[{"start":{"line":40,"column":2},"end":{"line":49,"column":3}},{"start":{"line":40,"column":2},"end":{"line":49,"column":3}}],"line":40},"2":{"loc":{"start":{"line":40,"column":6},"end":{"line":40,"column":54}},"type":"binary-expr","locations":[{"start":{"line":40,"column":6},"end":{"line":40,"column":35}},{"start":{"line":40,"column":39},"end":{"line":40,"column":54}}],"line":40},"3":{"loc":{"start":{"line":41,"column":4},"end":{"line":47,"column":5}},"type":"if","locations":[{"start":{"line":41,"column":4},"end":{"line":47,"column":5}},{"start":{"line":41,"column":4},"end":{"line":47,"column":5}}],"line":41},"4":{"loc":{"start":{"line":58,"column":4},"end":{"line":62,"column":5}},"type":"if","locations":[{"start":{"line":58,"column":4},"end":{"line":62,"column":5}},{"start":{"line":58,"column":4},"end":{"line":62,"column":5}}],"line":58},"5":{"loc":{"start":{"line":76,"column":4},"end":{"line":78,"column":5}},"type":"if","locations":[{"start":{"line":76,"column":4},"end":{"line":78,"column":5}},{"start":{"line":76,"column":4},"end":{"line":78,"column":5}}],"line":76},"6":{"loc":{"start":{"line":76,"column":8},"end":{"line":76,"column":53}},"type":"binary-expr","locations":[{"start":{"line":76,"column":8},"end":{"line":76,"column":36}},{"start":{"line":76,"column":40},"end":{"line":76,"column":53}}],"line":76},"7":{"loc":{"start":{"line":79,"column":4},"end":{"line":81,"column":5}},"type":"if","locations":[{"start":{"line":79,"column":4},"end":{"line":81,"column":5}},{"start":{"line":79,"column":4},"end":{"line":81,"column":5}}],"line":79},"8":{"loc":{"start":{"line":83,"column":4},"end":{"line":86,"column":5}},"type":"if","locations":[{"start":{"line":83,"column":4},"end":{"line":86,"column":5}},{"start":{"line":83,"column":4},"end":{"line":86,"column":5}}],"line":83},"9":{"loc":{"start":{"line":89,"column":6},"end":{"line":91,"column":7}},"type":"if","locations":[{"start":{"line":89,"column":6},"end":{"line":91,"column":7}},{"start":{"line":89,"column":6},"end":{"line":91,"column":7}}],"line":89},"10":{"loc":{"start":{"line":90,"column":19},"end":{"line":90,"column":32}},"type":"binary-expr","locations":[{"start":{"line":90,"column":19},"end":{"line":90,"column":26}},{"start":{"line":90,"column":30},"end":{"line":90,"column":32}}],"line":90},"11":{"loc":{"start":{"line":104,"column":35},"end":{"line":104,"column":91}},"type":"cond-expr","locations":[{"start":{"line":104,"column":64},"end":{"line":104,"column":70}},{"start":{"line":104,"column":73},"end":{"line":104,"column":91}}],"line":104},"12":{"loc":{"start":{"line":132,"column":55},"end":{"line":132,"column":81}},"type":"cond-expr","locations":[{"start":{"line":132,"column":72},"end":{"line":132,"column":75}},{"start":{"line":132,"column":78},"end":{"line":132,"column":81}}],"line":132}},"s":{"0":0,"1":0,"2":0,"3":0,"4":0,"5":0,"6":0,"7":1,"8":1,"9":0,"10":0,"11":0,"12":0,"13":0,"14":0,"15":0,"16":0,"17":0,"18":0,"19":0,"20":0,"21":0,"22":0,"23":0,"24":0,"25":0,"26":0,"27":0,"28":0,"29":0,"30":0,"31":0,"32":0,"33":0,"34":0,"35":0,"36":0,"37":0,"38":0,"39":0,"40":0,"41":0,"42":0,"43":0,"44":0,"45":0,"46":0,"47":0,"48":0,"49":0,"50":0,"51":0,"52":0},"f":{"0":0,"1":0,"2":0,"3":0,"4":0,"5":0,"6":0,"7":0,"8":0,"9":0,"10":0,"11":0,"12":0,"13":0,"14":0,"15":0},"b":{"0":[0,0],"1":[0,0],"2":[0,0],"3":[0,0],"4":[0,0],"5":[0,0],"6":[0,0],"7":[0,0],"8":[0,0],"9":[0,0],"10":[0,0],"11":[0,0],"12":[0,0]},"_coverageSchema":"43e27e138ebf9cfc5966b082cf9a028302ed4184","hash":"9a5829fce529943807a394f017056be83544fc82"}
,"/Volumes/MacOS Data/try-studio/client/src/components/Modal.js": {"path":"/Volumes/MacOS Data/try-studio/client/src/components/Modal.js","statementMap":{"0":{"start":{"line":8,"column":15},"end":{"line":19,"column":2}},"1":{"start":{"line":8,"column":27},"end":{"line":19,"column":1}},"2":{"start":{"line":36,"column":22},"end":{"line":40,"column":21}},"3":{"start":{"line":36,"column":45},"end":{"line":40,"column":1}},"4":{"start":{"line":42,"column":22},"end":{"line":47,"column":21}},"5":{"start":{"line":42,"column":45},"end":{"line":47,"column":1}},"6":{"start":{"line":52,"column":2},"end":{"line":66,"column":4}}},"fnMap":{"0":{"name":"(anonymous_0)","decl":{"start":{"line":8,"column":15},"end":{"line":8,"column":16}},"loc":{"start":{"line":8,"column":27},"end":{"line":19,"column":1}},"line":8},"1":{"name":"(anonymous_1)","decl":{"start":{"line":36,"column":33},"end":{"line":36,"column":34}},"loc":{"start":{"line":36,"column":45},"end":{"line":40,"column":1}},"line":36},"2":{"name":"(anonymous_2)","decl":{"start":{"line":42,"column":33},"end":{"line":42,"column":34}},"loc":{"start":{"line":42,"column":45},"end":{"line":47,"column":1}},"line":42},"3":{"name":"Modal","decl":{"start":{"line":51,"column":24},"end":{"line":51,"column":29}},"loc":{"start":{"line":51,"column":37},"end":{"line":67,"column":1}},"line":51}},"branchMap":{},"s":{"0":1,"1":0,"2":1,"3":0,"4":1,"5":0,"6":0},"f":{"0":0,"1":0,"2":0,"3":0},"b":{},"_coverageSchema":"43e27e138ebf9cfc5966b082cf9a028302ed4184","hash":"1315ecd2518000ddda3b684f3103c347ba6483eb"}
,"/Volumes/MacOS Data/try-studio/client/src/components/Questions.js": {"path":"/Volumes/MacOS Data/try-studio/client/src/components/Questions.js","statementMap":{"0":{"start":{"line":22,"column":18},"end":{"line":52,"column":3}},"1":{"start":{"line":22,"column":41},"end":{"line":52,"column":1}},"2":{"start":{"line":55,"column":2},"end":{"line":55,"column":45}},"3":{"start":{"line":58,"column":17},"end":{"line":58,"column":47}},"4":{"start":{"line":58,"column":43},"end":{"line":58,"column":47}},"5":{"start":{"line":62,"column":18},"end":{"line":62,"column":29}},"6":{"start":{"line":63,"column":71},"end":{"line":63,"column":80}},"7":{"start":{"line":65,"column":38},"end":{"line":65,"column":55}},"8":{"start":{"line":66,"column":26},"end":{"line":66,"column":46}},"9":{"start":{"line":67,"column":42},"end":{"line":67,"column":62}},"10":{"start":{"line":68,"column":40},"end":{"line":68,"column":60}},"11":{"start":{"line":70,"column":20},"end":{"line":70,"column":34}},"12":{"start":{"line":71,"column":19},"end":{"line":71,"column":32}},"13":{"start":{"line":74,"column":34},"end":{"line":74,"column":54}},"14":{"start":{"line":75,"column":26},"end":{"line":75,"column":46}},"15":{"start":{"line":76,"column":46},"end":{"line":76,"column":66}},"16":{"start":{"line":77,"column":40},"end":{"line":77,"column":60}},"17":{"start":{"line":81,"column":28},"end":{"line":81,"column":49}},"18":{"start":{"line":83,"column":19},"end":{"line":83,"column":53}},"19":{"start":{"line":84,"column":17},"end":{"line":84,"column":49}},"20":{"start":{"line":88,"column":24},"end":{"line":99,"column":3}},"21":{"start":{"line":89,"column":4},"end":{"line":98,"column":5}},"22":{"start":{"line":90,"column":16},"end":{"line":90,"column":18}},"23":{"start":{"line":91,"column":6},"end":{"line":93,"column":7}},"24":{"start":{"line":91,"column":19},"end":{"line":91,"column":20}},"25":{"start":{"line":92,"column":8},"end":{"line":92,"column":38}},"26":{"start":{"line":94,"column":6},"end":{"line":94,"column":17}},"27":{"start":{"line":97,"column":6},"end":{"line":97,"column":85}},"28":{"start":{"line":101,"column":16},"end":{"line":101,"column":26}},"29":{"start":{"line":103,"column":19},"end":{"line":120,"column":3}},"30":{"start":{"line":104,"column":4},"end":{"line":119,"column":5}},"31":{"start":{"line":105,"column":6},"end":{"line":107,"column":8}},"32":{"start":{"line":110,"column":8},"end":{"line":118,"column":7}},"33":{"start":{"line":112,"column":30},"end":{"line":112,"column":71}},"34":{"start":{"line":113,"column":12},"end":{"line":113,"column":45}},"35":{"start":{"line":114,"column":12},"end":{"line":116,"column":14}},"36":{"start":{"line":122,"column":2},"end":{"line":122,"column":27}},"37":{"start":{"line":124,"column":2},"end":{"line":151,"column":9}},"38":{"start":{"line":125,"column":4},"end":{"line":125,"column":31}},"39":{"start":{"line":126,"column":4},"end":{"line":150,"column":5}},"40":{"start":{"line":127,"column":6},"end":{"line":127,"column":53}},"41":{"start":{"line":128,"column":6},"end":{"line":128,"column":57}},"42":{"start":{"line":129,"column":6},"end":{"line":129,"column":53}},"43":{"start":{"line":130,"column":6},"end":{"line":130,"column":54}},"44":{"start":{"line":133,"column":6},"end":{"line":149,"column":7}},"45":{"start":{"line":134,"column":8},"end":{"line":134,"column":27}},"46":{"start":{"line":136,"column":8},"end":{"line":148,"column":10}},"47":{"start":{"line":137,"column":25},"end":{"line":137,"column":44}},"48":{"start":{"line":138,"column":10},"end":{"line":138,"column":56}},"49":{"start":{"line":139,"column":10},"end":{"line":139,"column":30}},"50":{"start":{"line":141,"column":12},"end":{"line":146,"column":11}},"51":{"start":{"line":142,"column":14},"end":{"line":142,"column":40}},"52":{"start":{"line":143,"column":14},"end":{"line":143,"column":37}},"53":{"start":{"line":144,"column":14},"end":{"line":144,"column":57}},"54":{"start":{"line":153,"column":21},"end":{"line":181,"column":16}},"55":{"start":{"line":153,"column":91},"end":{"line":153,"column":111}},"56":{"start":{"line":155,"column":4},"end":{"line":179,"column":10}},"57":{"start":{"line":183,"column":23},"end":{"line":286,"column":7}},"58":{"start":{"line":183,"column":79},"end":{"line":183,"column":100}},"59":{"start":{"line":226,"column":12},"end":{"line":226,"column":42}},"60":{"start":{"line":288,"column":25},"end":{"line":353,"column":3}},"61":{"start":{"line":289,"column":4},"end":{"line":352,"column":5}},"62":{"start":{"line":291,"column":6},"end":{"line":299,"column":7}},"63":{"start":{"line":292,"column":8},"end":{"line":292,"column":29}},"64":{"start":{"line":294,"column":8},"end":{"line":298,"column":9}},"65":{"start":{"line":295,"column":10},"end":{"line":295,"column":30}},"66":{"start":{"line":297,"column":10},"end":{"line":297,"column":17}},"67":{"start":{"line":301,"column":8},"end":{"line":326,"column":10}},"68":{"start":{"line":328,"column":8},"end":{"line":349,"column":10}},"69":{"start":{"line":339,"column":32},"end":{"line":339,"column":46}},"70":{"start":{"line":351,"column":8},"end":{"line":351,"column":30}},"71":{"start":{"line":355,"column":23},"end":{"line":366,"column":3}},"72":{"start":{"line":356,"column":4},"end":{"line":365,"column":5}},"73":{"start":{"line":358,"column":8},"end":{"line":358,"column":130}},"74":{"start":{"line":360,"column":8},"end":{"line":360,"column":104}},"75":{"start":{"line":362,"column":8},"end":{"line":362,"column":122}},"76":{"start":{"line":364,"column":8},"end":{"line":364,"column":30}},"77":{"start":{"line":369,"column":21},"end":{"line":429,"column":3}},"78":{"start":{"line":371,"column":4},"end":{"line":428,"column":5}},"79":{"start":{"line":373,"column":8},"end":{"line":378,"column":9}},"80":{"start":{"line":374,"column":10},"end":{"line":374,"column":57}},"81":{"start":{"line":377,"column":10},"end":{"line":377,"column":58}},"82":{"start":{"line":379,"column":8},"end":{"line":379,"column":14}},"83":{"start":{"line":382,"column":8},"end":{"line":421,"column":11}},"84":{"start":{"line":383,"column":10},"end":{"line":383,"column":29}},"85":{"start":{"line":384,"column":22},"end":{"line":384,"column":41}},"86":{"start":{"line":385,"column":10},"end":{"line":385,"column":29}},"87":{"start":{"line":386,"column":10},"end":{"line":386,"column":26}},"88":{"start":{"line":387,"column":10},"end":{"line":399,"column":12}},"89":{"start":{"line":388,"column":24},"end":{"line":388,"column":55}},"90":{"start":{"line":389,"column":14},"end":{"line":397,"column":16}},"91":{"start":{"line":390,"column":31},"end":{"line":390,"column":41}},"92":{"start":{"line":391,"column":16},"end":{"line":391,"column":48}},"93":{"start":{"line":392,"column":16},"end":{"line":395,"column":18}},"94":{"start":{"line":393,"column":20},"end":{"line":393,"column":37}},"95":{"start":{"line":401,"column":21},"end":{"line":401,"column":31}},"96":{"start":{"line":402,"column":18},"end":{"line":402,"column":36}},"97":{"start":{"line":403,"column":18},"end":{"line":403,"column":37}},"98":{"start":{"line":404,"column":18},"end":{"line":404,"column":32}},"99":{"start":{"line":405,"column":29},"end":{"line":405,"column":46}},"100":{"start":{"line":406,"column":10},"end":{"line":406,"column":37}},"101":{"start":{"line":407,"column":10},"end":{"line":407,"column":44}},"102":{"start":{"line":408,"column":10},"end":{"line":420,"column":11}},"103":{"start":{"line":410,"column":24},"end":{"line":410,"column":55}},"104":{"start":{"line":411,"column":14},"end":{"line":418,"column":16}},"105":{"start":{"line":412,"column":31},"end":{"line":412,"column":41}},"106":{"start":{"line":413,"column":16},"end":{"line":413,"column":53}},"107":{"start":{"line":414,"column":16},"end":{"line":417,"column":18}},"108":{"start":{"line":415,"column":18},"end":{"line":415,"column":35}},"109":{"start":{"line":422,"column":8},"end":{"line":422,"column":14}},"110":{"start":{"line":425,"column":8},"end":{"line":425,"column":14}},"111":{"start":{"line":427,"column":8},"end":{"line":427,"column":14}},"112":{"start":{"line":431,"column":21},"end":{"line":433,"column":3}},"113":{"start":{"line":432,"column":4},"end":{"line":432,"column":58}},"114":{"start":{"line":432,"column":38},"end":{"line":432,"column":56}},"115":{"start":{"line":435,"column":22},"end":{"line":437,"column":3}},"116":{"start":{"line":436,"column":4},"end":{"line":436,"column":21}},"117":{"start":{"line":439,"column":2},"end":{"line":477,"column":4}},"118":{"start":{"line":443,"column":28},"end":{"line":443,"column":30}},"119":{"start":{"line":444,"column":29},"end":{"line":444,"column":31}},"120":{"start":{"line":445,"column":10},"end":{"line":449,"column":12}}},"fnMap":{"0":{"name":"(anonymous_0)","decl":{"start":{"line":22,"column":29},"end":{"line":22,"column":30}},"loc":{"start":{"line":22,"column":41},"end":{"line":52,"column":1}},"line":22},"1":{"name":"getSteps","decl":{"start":{"line":54,"column":9},"end":{"line":54,"column":17}},"loc":{"start":{"line":54,"column":20},"end":{"line":56,"column":1}},"line":54},"2":{"name":"(anonymous_2)","decl":{"start":{"line":58,"column":17},"end":{"line":58,"column":18}},"loc":{"start":{"line":58,"column":43},"end":{"line":58,"column":47}},"line":58},"3":{"name":"Questions","decl":{"start":{"line":60,"column":24},"end":{"line":60,"column":33}},"loc":{"start":{"line":60,"column":50},"end":{"line":478,"column":1}},"line":60},"4":{"name":"(anonymous_4)","decl":{"start":{"line":88,"column":24},"end":{"line":88,"column":25}},"loc":{"start":{"line":88,"column":34},"end":{"line":99,"column":3}},"line":88},"5":{"name":"(anonymous_5)","decl":{"start":{"line":103,"column":19},"end":{"line":103,"column":20}},"loc":{"start":{"line":103,"column":32},"end":{"line":120,"column":3}},"line":103},"6":{"name":"(anonymous_6)","decl":{"start":{"line":110,"column":66},"end":{"line":110,"column":67}},"loc":{"start":{"line":110,"column":73},"end":{"line":117,"column":9}},"line":110},"7":{"name":"(anonymous_7)","decl":{"start":{"line":124,"column":12},"end":{"line":124,"column":13}},"loc":{"start":{"line":124,"column":18},"end":{"line":151,"column":3}},"line":124},"8":{"name":"(anonymous_8)","decl":{"start":{"line":136,"column":46},"end":{"line":136,"column":47}},"loc":{"start":{"line":136,"column":53},"end":{"line":140,"column":9}},"line":136},"9":{"name":"(anonymous_9)","decl":{"start":{"line":140,"column":16},"end":{"line":140,"column":17}},"loc":{"start":{"line":140,"column":22},"end":{"line":147,"column":9}},"line":140},"10":{"name":"(anonymous_10)","decl":{"start":{"line":141,"column":70},"end":{"line":141,"column":71}},"loc":{"start":{"line":141,"column":76},"end":{"line":145,"column":13}},"line":141},"11":{"name":"(anonymous_11)","decl":{"start":{"line":153,"column":80},"end":{"line":153,"column":81}},"loc":{"start":{"line":153,"column":89},"end":{"line":153,"column":113}},"line":153},"12":{"name":"(anonymous_12)","decl":{"start":{"line":154,"column":32},"end":{"line":154,"column":33}},"loc":{"start":{"line":155,"column":4},"end":{"line":179,"column":10}},"line":155},"13":{"name":"(anonymous_13)","decl":{"start":{"line":183,"column":68},"end":{"line":183,"column":69}},"loc":{"start":{"line":183,"column":77},"end":{"line":183,"column":102}},"line":183},"14":{"name":"(anonymous_14)","decl":{"start":{"line":225,"column":30},"end":{"line":225,"column":31}},"loc":{"start":{"line":225,"column":44},"end":{"line":227,"column":11}},"line":225},"15":{"name":"(anonymous_15)","decl":{"start":{"line":288,"column":25},"end":{"line":288,"column":26}},"loc":{"start":{"line":288,"column":35},"end":{"line":353,"column":3}},"line":288},"16":{"name":"(anonymous_16)","decl":{"start":{"line":339,"column":25},"end":{"line":339,"column":26}},"loc":{"start":{"line":339,"column":31},"end":{"line":339,"column":47}},"line":339},"17":{"name":"(anonymous_17)","decl":{"start":{"line":355,"column":23},"end":{"line":355,"column":24}},"loc":{"start":{"line":355,"column":33},"end":{"line":366,"column":3}},"line":355},"18":{"name":"(anonymous_18)","decl":{"start":{"line":369,"column":21},"end":{"line":369,"column":22}},"loc":{"start":{"line":369,"column":27},"end":{"line":429,"column":3}},"line":369},"19":{"name":"(anonymous_19)","decl":{"start":{"line":387,"column":47},"end":{"line":387,"column":48}},"loc":{"start":{"line":387,"column":51},"end":{"line":398,"column":13}},"line":387},"20":{"name":"(anonymous_20)","decl":{"start":{"line":389,"column":64},"end":{"line":389,"column":65}},"loc":{"start":{"line":389,"column":72},"end":{"line":396,"column":15}},"line":389},"21":{"name":"(anonymous_21)","decl":{"start":{"line":392,"column":74},"end":{"line":392,"column":75}},"loc":{"start":{"line":392,"column":83},"end":{"line":394,"column":19}},"line":392},"22":{"name":"(anonymous_22)","decl":{"start":{"line":409,"column":16},"end":{"line":409,"column":17}},"loc":{"start":{"line":409,"column":20},"end":{"line":419,"column":13}},"line":409},"23":{"name":"(anonymous_23)","decl":{"start":{"line":411,"column":64},"end":{"line":411,"column":65}},"loc":{"start":{"line":411,"column":73},"end":{"line":418,"column":15}},"line":411},"24":{"name":"(anonymous_24)","decl":{"start":{"line":414,"column":74},"end":{"line":414,"column":75}},"loc":{"start":{"line":414,"column":83},"end":{"line":416,"column":17}},"line":414},"25":{"name":"(anonymous_25)","decl":{"start":{"line":431,"column":21},"end":{"line":431,"column":22}},"loc":{"start":{"line":431,"column":27},"end":{"line":433,"column":3}},"line":431},"26":{"name":"(anonymous_26)","decl":{"start":{"line":432,"column":18},"end":{"line":432,"column":19}},"loc":{"start":{"line":432,"column":38},"end":{"line":432,"column":56}},"line":432},"27":{"name":"(anonymous_27)","decl":{"start":{"line":435,"column":22},"end":{"line":435,"column":23}},"loc":{"start":{"line":435,"column":28},"end":{"line":437,"column":3}},"line":435},"28":{"name":"(anonymous_28)","decl":{"start":{"line":442,"column":19},"end":{"line":442,"column":20}},"loc":{"start":{"line":442,"column":37},"end":{"line":450,"column":9}},"line":442}},"branchMap":{"0":{"loc":{"start":{"line":89,"column":4},"end":{"line":98,"column":5}},"type":"if","locations":[{"start":{"line":89,"column":4},"end":{"line":98,"column":5}},{"start":{"line":89,"column":4},"end":{"line":98,"column":5}}],"line":89},"1":{"loc":{"start":{"line":104,"column":4},"end":{"line":119,"column":5}},"type":"if","locations":[{"start":{"line":104,"column":4},"end":{"line":119,"column":5}},{"start":{"line":104,"column":4},"end":{"line":119,"column":5}}],"line":104},"2":{"loc":{"start":{"line":126,"column":4},"end":{"line":150,"column":5}},"type":"if","locations":[{"start":{"line":126,"column":4},"end":{"line":150,"column":5}},{"start":{"line":126,"column":4},"end":{"line":150,"column":5}}],"line":126},"3":{"loc":{"start":{"line":133,"column":6},"end":{"line":149,"column":7}},"type":"if","locations":[{"start":{"line":133,"column":6},"end":{"line":149,"column":7}},{"start":{"line":133,"column":6},"end":{"line":149,"column":7}}],"line":133},"4":{"loc":{"start":{"line":153,"column":21},"end":{"line":181,"column":16}},"type":"cond-expr","locations":[{"start":{"line":153,"column":35},"end":{"line":181,"column":7}},{"start":{"line":181,"column":11},"end":{"line":181,"column":16}}],"line":153},"5":{"loc":{"start":{"line":198,"column":5},"end":{"line":200,"column":5}},"type":"binary-expr","locations":[{"start":{"line":198,"column":5},"end":{"line":198,"column":16}},{"start":{"line":198,"column":20},"end":{"line":198,"column":51}},{"start":{"line":199,"column":6},"end":{"line":199,"column":84}}],"line":198},"6":{"loc":{"start":{"line":216,"column":5},"end":{"line":218,"column":5}},"type":"binary-expr","locations":[{"start":{"line":216,"column":5},"end":{"line":216,"column":16}},{"start":{"line":216,"column":20},"end":{"line":216,"column":50}},{"start":{"line":217,"column":6},"end":{"line":217,"column":98}}],"line":216},"7":{"loc":{"start":{"line":234,"column":5},"end":{"line":236,"column":5}},"type":"binary-expr","locations":[{"start":{"line":234,"column":5},"end":{"line":234,"column":20}},{"start":{"line":234,"column":24},"end":{"line":234,"column":59}},{"start":{"line":235,"column":6},"end":{"line":235,"column":84}}],"line":234},"8":{"loc":{"start":{"line":281,"column":5},"end":{"line":283,"column":5}},"type":"binary-expr","locations":[{"start":{"line":281,"column":5},"end":{"line":281,"column":20}},{"start":{"line":281,"column":24},"end":{"line":281,"column":59}},{"start":{"line":282,"column":6},"end":{"line":282,"column":84}}],"line":281},"9":{"loc":{"start":{"line":289,"column":4},"end":{"line":352,"column":5}},"type":"switch","locations":[{"start":{"line":290,"column":6},"end":{"line":299,"column":7}},{"start":{"line":300,"column":6},"end":{"line":326,"column":10}},{"start":{"line":327,"column":6},"end":{"line":349,"column":10}},{"start":{"line":350,"column":6},"end":{"line":351,"column":30}}],"line":289},"10":{"loc":{"start":{"line":291,"column":6},"end":{"line":299,"column":7}},"type":"if","locations":[{"start":{"line":291,"column":6},"end":{"line":299,"column":7}},{"start":{"line":291,"column":6},"end":{"line":299,"column":7}}],"line":291},"11":{"loc":{"start":{"line":294,"column":8},"end":{"line":298,"column":9}},"type":"if","locations":[{"start":{"line":294,"column":8},"end":{"line":298,"column":9}},{"start":{"line":294,"column":8},"end":{"line":298,"column":9}}],"line":294},"12":{"loc":{"start":{"line":303,"column":13},"end":{"line":303,"column":78}},"type":"cond-expr","locations":[{"start":{"line":303,"column":20},"end":{"line":303,"column":70}},{"start":{"line":303,"column":73},"end":{"line":303,"column":78}}],"line":303},"13":{"loc":{"start":{"line":306,"column":15},"end":{"line":306,"column":123}},"type":"cond-expr","locations":[{"start":{"line":306,"column":27},"end":{"line":306,"column":55}},{"start":{"line":306,"column":58},"end":{"line":306,"column":123}}],"line":306},"14":{"loc":{"start":{"line":308,"column":13},"end":{"line":323,"column":19}},"type":"cond-expr","locations":[{"start":{"line":309,"column":12},"end":{"line":322,"column":18}},{"start":{"line":323,"column":14},"end":{"line":323,"column":19}}],"line":308},"15":{"loc":{"start":{"line":329,"column":10},"end":{"line":348,"column":25}},"type":"cond-expr","locations":[{"start":{"line":330,"column":10},"end":{"line":348,"column":16}},{"start":{"line":348,"column":20},"end":{"line":348,"column":25}}],"line":329},"16":{"loc":{"start":{"line":332,"column":15},"end":{"line":332,"column":114}},"type":"cond-expr","locations":[{"start":{"line":332,"column":28},"end":{"line":332,"column":65}},{"start":{"line":332,"column":68},"end":{"line":332,"column":114}}],"line":332},"17":{"loc":{"start":{"line":356,"column":4},"end":{"line":365,"column":5}},"type":"switch","locations":[{"start":{"line":357,"column":6},"end":{"line":358,"column":130}},{"start":{"line":359,"column":6},"end":{"line":360,"column":104}},{"start":{"line":361,"column":6},"end":{"line":362,"column":122}},{"start":{"line":363,"column":6},"end":{"line":364,"column":30}}],"line":356},"18":{"loc":{"start":{"line":358,"column":15},"end":{"line":358,"column":129}},"type":"cond-expr","locations":[{"start":{"line":358,"column":28},"end":{"line":358,"column":82}},{"start":{"line":358,"column":85},"end":{"line":358,"column":129}}],"line":358},"19":{"loc":{"start":{"line":360,"column":15},"end":{"line":360,"column":104}},"type":"cond-expr","locations":[{"start":{"line":360,"column":28},"end":{"line":360,"column":64}},{"start":{"line":360,"column":67},"end":{"line":360,"column":104}}],"line":360},"20":{"loc":{"start":{"line":362,"column":15},"end":{"line":362,"column":122}},"type":"cond-expr","locations":[{"start":{"line":362,"column":28},"end":{"line":362,"column":74}},{"start":{"line":362,"column":77},"end":{"line":362,"column":122}}],"line":362},"21":{"loc":{"start":{"line":371,"column":4},"end":{"line":428,"column":5}},"type":"switch","locations":[{"start":{"line":372,"column":6},"end":{"line":379,"column":14}},{"start":{"line":380,"column":6},"end":{"line":422,"column":14}},{"start":{"line":423,"column":6},"end":{"line":425,"column":14}},{"start":{"line":426,"column":6},"end":{"line":427,"column":14}}],"line":371},"22":{"loc":{"start":{"line":373,"column":8},"end":{"line":378,"column":9}},"type":"if","locations":[{"start":{"line":373,"column":8},"end":{"line":378,"column":9}},{"start":{"line":373,"column":8},"end":{"line":378,"column":9}}],"line":373},"23":{"loc":{"start":{"line":382,"column":8},"end":{"line":421,"column":11}},"type":"if","locations":[{"start":{"line":382,"column":8},"end":{"line":421,"column":11}},{"start":{"line":382,"column":8},"end":{"line":421,"column":11}}],"line":382},"24":{"loc":{"start":{"line":458,"column":56},"end":{"line":458,"column":120}},"type":"cond-expr","locations":[{"start":{"line":458,"column":89},"end":{"line":458,"column":115}},{"start":{"line":458,"column":118},"end":{"line":458,"column":120}}],"line":458},"25":{"loc":{"start":{"line":458,"column":57},"end":{"line":458,"column":85}},"type":"binary-expr","locations":[{"start":{"line":458,"column":57},"end":{"line":458,"column":68}},{"start":{"line":458,"column":72},"end":{"line":458,"column":85}}],"line":458},"26":{"loc":{"start":{"line":461,"column":11},"end":{"line":472,"column":34}},"type":"cond-expr","locations":[{"start":{"line":462,"column":11},"end":{"line":472,"column":25}},{"start":{"line":472,"column":29},"end":{"line":472,"column":34}}],"line":461}},"s":{"0":1,"1":0,"2":0,"3":1,"4":0,"5":0,"6":0,"7":0,"8":0,"9":0,"10":0,"11":0,"12":0,"13":0,"14":0,"15":0,"16":0,"17":0,"18":0,"19":0,"20":0,"21":0,"22":0,"23":0,"24":0,"25":0,"26":0,"27":0,"28":0,"29":0,"30":0,"31":0,"32":0,"33":0,"34":0,"35":0,"36":0,"37":0,"38":0,"39":0,"40":0,"41":0,"42":0,"43":0,"44":0,"45":0,"46":0,"47":0,"48":0,"49":0,"50":0,"51":0,"52":0,"53":0,"54":0,"55":0,"56":0,"57":0,"58":0,"59":0,"60":0,"61":0,"62":0,"63":0,"64":0,"65":0,"66":0,"67":0,"68":0,"69":0,"70":0,"71":0,"72":0,"73":0,"74":0,"75":0,"76":0,"77":0,"78":0,"79":0,"80":0,"81":0,"82":0,"83":0,"84":0,"85":0,"86":0,"87":0,"88":0,"89":0,"90":0,"91":0,"92":0,"93":0,"94":0,"95":0,"96":0,"97":0,"98":0,"99":0,"100":0,"101":0,"102":0,"103":0,"104":0,"105":0,"106":0,"107":0,"108":0,"109":0,"110":0,"111":0,"112":0,"113":0,"114":0,"115":0,"116":0,"117":0,"118":0,"119":0,"120":0},"f":{"0":0,"1":0,"2":0,"3":0,"4":0,"5":0,"6":0,"7":0,"8":0,"9":0,"10":0,"11":0,"12":0,"13":0,"14":0,"15":0,"16":0,"17":0,"18":0,"19":0,"20":0,"21":0,"22":0,"23":0,"24":0,"25":0,"26":0,"27":0,"28":0},"b":{"0":[0,0],"1":[0,0],"2":[0,0],"3":[0,0],"4":[0,0],"5":[0,0,0],"6":[0,0,0],"7":[0,0,0],"8":[0,0,0],"9":[0,0,0,0],"10":[0,0],"11":[0,0],"12":[0,0],"13":[0,0],"14":[0,0],"15":[0,0],"16":[0,0],"17":[0,0,0,0],"18":[0,0],"19":[0,0],"20":[0,0],"21":[0,0,0,0],"22":[0,0],"23":[0,0],"24":[0,0],"25":[0,0],"26":[0,0]},"_coverageSchema":"43e27e138ebf9cfc5966b082cf9a028302ed4184","hash":"1bd1da39d5e4329f5b227a73d1a43d1fb51e82c7"}
,"/Volumes/MacOS Data/try-studio/client/src/components/Submenu.js": {"path":"/Volumes/MacOS Data/try-studio/client/src/components/Submenu.js","statementMap":{"0":{"start":{"line":15,"column":18},"end":{"line":20,"column":3}},"1":{"start":{"line":15,"column":41},"end":{"line":20,"column":1}},"2":{"start":{"line":23,"column":2},"end":{"line":23,"column":54}},"3":{"start":{"line":27,"column":18},"end":{"line":27,"column":29}},"4":{"start":{"line":29,"column":2},"end":{"line":79,"column":4}}},"fnMap":{"0":{"name":"(anonymous_0)","decl":{"start":{"line":15,"column":29},"end":{"line":15,"column":30}},"loc":{"start":{"line":15,"column":41},"end":{"line":20,"column":1}},"line":15},"1":{"name":"ListItemLink","decl":{"start":{"line":22,"column":9},"end":{"line":22,"column":21}},"loc":{"start":{"line":22,"column":29},"end":{"line":24,"column":1}},"line":22},"2":{"name":"Submenu","decl":{"start":{"line":26,"column":24},"end":{"line":26,"column":31}},"loc":{"start":{"line":26,"column":34},"end":{"line":80,"column":1}},"line":26}},"branchMap":{},"s":{"0":1,"1":0,"2":0,"3":0,"4":0},"f":{"0":0,"1":0,"2":0},"b":{},"_coverageSchema":"43e27e138ebf9cfc5966b082cf9a028302ed4184","hash":"22f249020b993248c244cd8171be16e6733e9391"}
,"/Volumes/MacOS Data/try-studio/client/src/components/Summary.js": {"path":"/Volumes/MacOS Data/try-studio/client/src/components/Summary.js","statementMap":{"0":{"start":{"line":7,"column":18},"end":{"line":22,"column":2}},"1":{"start":{"line":25,"column":2},"end":{"line":25,"column":24}},"2":{"start":{"line":29,"column":2},"end":{"line":29,"column":58}},"3":{"start":{"line":34,"column":18},"end":{"line":34,"column":29}},"4":{"start":{"line":35,"column":15},"end":{"line":35,"column":32}},"5":{"start":{"line":36,"column":15},"end":{"line":36,"column":17}},"6":{"start":{"line":42,"column":2},"end":{"line":53,"column":4}},"7":{"start":{"line":43,"column":4},"end":{"line":52,"column":5}},"8":{"start":{"line":45,"column":8},"end":{"line":45,"column":14}},"9":{"start":{"line":47,"column":8},"end":{"line":47,"column":85}},"10":{"start":{"line":48,"column":8},"end":{"line":48,"column":14}},"11":{"start":{"line":50,"column":8},"end":{"line":50,"column":69}},"12":{"start":{"line":51,"column":8},"end":{"line":51,"column":14}},"13":{"start":{"line":55,"column":2},"end":{"line":71,"column":4}},"14":{"start":{"line":60,"column":12},"end":{"line":65,"column":23}}},"fnMap":{"0":{"name":"createData","decl":{"start":{"line":24,"column":9},"end":{"line":24,"column":19}},"loc":{"start":{"line":24,"column":32},"end":{"line":26,"column":1}},"line":24},"1":{"name":"capitalizeFirstLetter","decl":{"start":{"line":28,"column":9},"end":{"line":28,"column":30}},"loc":{"start":{"line":28,"column":39},"end":{"line":30,"column":1}},"line":28},"2":{"name":"Summary","decl":{"start":{"line":33,"column":24},"end":{"line":33,"column":31}},"loc":{"start":{"line":33,"column":53},"end":{"line":72,"column":1}},"line":33},"3":{"name":"(anonymous_3)","decl":{"start":{"line":42,"column":15},"end":{"line":42,"column":16}},"loc":{"start":{"line":42,"column":29},"end":{"line":53,"column":3}},"line":42},"4":{"name":"(anonymous_4)","decl":{"start":{"line":59,"column":20},"end":{"line":59,"column":21}},"loc":{"start":{"line":60,"column":12},"end":{"line":65,"column":23}},"line":60}},"branchMap":{"0":{"loc":{"start":{"line":43,"column":4},"end":{"line":52,"column":5}},"type":"switch","locations":[{"start":{"line":44,"column":6},"end":{"line":45,"column":14}},{"start":{"line":46,"column":6},"end":{"line":48,"column":14}},{"start":{"line":49,"column":6},"end":{"line":51,"column":14}}],"line":43}},"s":{"0":1,"1":0,"2":0,"3":0,"4":0,"5":0,"6":0,"7":0,"8":0,"9":0,"10":0,"11":0,"12":0,"13":0,"14":0},"f":{"0":0,"1":0,"2":0,"3":0,"4":0},"b":{"0":[0,0,0]},"_coverageSchema":"43e27e138ebf9cfc5966b082cf9a028302ed4184","hash":"2c30481e045c9b1ebd69c481674521df675fc8ad"}
,"/Volumes/MacOS Data/try-studio/client/src/components/Table.js": {"path":"/Volumes/MacOS Data/try-studio/client/src/components/Table.js","statementMap":{"0":{"start":{"line":38,"column":19},"end":{"line":56,"column":1}},"1":{"start":{"line":39,"column":34},"end":{"line":39,"column":65}},"2":{"start":{"line":40,"column":36},"end":{"line":40,"column":66}},"3":{"start":{"line":41,"column":36},"end":{"line":41,"column":66}},"4":{"start":{"line":42,"column":37},"end":{"line":42,"column":75}},"5":{"start":{"line":43,"column":42},"end":{"line":43,"column":79}},"6":{"start":{"line":44,"column":35},"end":{"line":44,"column":64}},"7":{"start":{"line":45,"column":37},"end":{"line":45,"column":69}},"8":{"start":{"line":46,"column":37},"end":{"line":46,"column":72}},"9":{"start":{"line":47,"column":40},"end":{"line":47,"column":74}},"10":{"start":{"line":48,"column":39},"end":{"line":48,"column":72}},"11":{"start":{"line":49,"column":39},"end":{"line":49,"column":76}},"12":{"start":{"line":50,"column":43},"end":{"line":50,"column":79}},"13":{"start":{"line":51,"column":42},"end":{"line":51,"column":72}},"14":{"start":{"line":52,"column":37},"end":{"line":52,"column":68}},"15":{"start":{"line":53,"column":40},"end":{"line":53,"column":76}},"16":{"start":{"line":54,"column":46},"end":{"line":54,"column":77}},"17":{"start":{"line":55,"column":41},"end":{"line":55,"column":76}},"18":{"start":{"line":58,"column":14},"end":{"line":176,"column":1}},"19":{"start":{"line":59,"column":34},"end":{"line":59,"column":49}},"20":{"start":{"line":60,"column":28},"end":{"line":69,"column":4}},"21":{"start":{"line":71,"column":32},"end":{"line":71,"column":53}},"22":{"start":{"line":72,"column":38},"end":{"line":72,"column":59}},"23":{"start":{"line":73,"column":19},"end":{"line":73,"column":32}},"24":{"start":{"line":74,"column":20},"end":{"line":74,"column":34}},"25":{"start":{"line":76,"column":2},"end":{"line":76,"column":23}},"26":{"start":{"line":77,"column":2},"end":{"line":92,"column":17}},"27":{"start":{"line":78,"column":4},"end":{"line":81,"column":7}},"28":{"start":{"line":82,"column":14},"end":{"line":82,"column":45}},"29":{"start":{"line":83,"column":4},"end":{"line":91,"column":6}},"30":{"start":{"line":84,"column":21},"end":{"line":84,"column":31}},"31":{"start":{"line":85,"column":6},"end":{"line":85,"column":15}},"32":{"start":{"line":86,"column":6},"end":{"line":90,"column":7}},"33":{"start":{"line":87,"column":8},"end":{"line":87,"column":26}},"34":{"start":{"line":89,"column":8},"end":{"line":89,"column":27}},"35":{"start":{"line":94,"column":22},"end":{"line":96,"column":4}},"36":{"start":{"line":95,"column":4},"end":{"line":95,"column":21}},"37":{"start":{"line":98,"column":23},"end":{"line":100,"column":4}},"38":{"start":{"line":99,"column":4},"end":{"line":99,"column":22}},"39":{"start":{"line":102,"column":17},"end":{"line":102,"column":30}},"40":{"start":{"line":104,"column":25},"end":{"line":134,"column":3}},"41":{"start":{"line":105,"column":4},"end":{"line":133,"column":5}},"42":{"start":{"line":106,"column":6},"end":{"line":129,"column":7}},"43":{"start":{"line":107,"column":8},"end":{"line":125,"column":16}},"44":{"start":{"line":128,"column":8},"end":{"line":128,"column":164}},"45":{"start":{"line":132,"column":6},"end":{"line":132,"column":176}},"46":{"start":{"line":136,"column":2},"end":{"line":175,"column":4}},"47":{"start":{"line":148,"column":10},"end":{"line":157,"column":16}}},"fnMap":{"0":{"name":"(anonymous_0)","decl":{"start":{"line":39,"column":18},"end":{"line":39,"column":19}},"loc":{"start":{"line":39,"column":34},"end":{"line":39,"column":65}},"line":39},"1":{"name":"(anonymous_1)","decl":{"start":{"line":40,"column":20},"end":{"line":40,"column":21}},"loc":{"start":{"line":40,"column":36},"end":{"line":40,"column":66}},"line":40},"2":{"name":"(anonymous_2)","decl":{"start":{"line":41,"column":20},"end":{"line":41,"column":21}},"loc":{"start":{"line":41,"column":36},"end":{"line":41,"column":66}},"line":41},"3":{"name":"(anonymous_3)","decl":{"start":{"line":42,"column":21},"end":{"line":42,"column":22}},"loc":{"start":{"line":42,"column":37},"end":{"line":42,"column":75}},"line":42},"4":{"name":"(anonymous_4)","decl":{"start":{"line":43,"column":26},"end":{"line":43,"column":27}},"loc":{"start":{"line":43,"column":42},"end":{"line":43,"column":79}},"line":43},"5":{"name":"(anonymous_5)","decl":{"start":{"line":44,"column":19},"end":{"line":44,"column":20}},"loc":{"start":{"line":44,"column":35},"end":{"line":44,"column":64}},"line":44},"6":{"name":"(anonymous_6)","decl":{"start":{"line":45,"column":21},"end":{"line":45,"column":22}},"loc":{"start":{"line":45,"column":37},"end":{"line":45,"column":69}},"line":45},"7":{"name":"(anonymous_7)","decl":{"start":{"line":46,"column":21},"end":{"line":46,"column":22}},"loc":{"start":{"line":46,"column":37},"end":{"line":46,"column":72}},"line":46},"8":{"name":"(anonymous_8)","decl":{"start":{"line":47,"column":24},"end":{"line":47,"column":25}},"loc":{"start":{"line":47,"column":40},"end":{"line":47,"column":74}},"line":47},"9":{"name":"(anonymous_9)","decl":{"start":{"line":48,"column":23},"end":{"line":48,"column":24}},"loc":{"start":{"line":48,"column":39},"end":{"line":48,"column":72}},"line":48},"10":{"name":"(anonymous_10)","decl":{"start":{"line":49,"column":23},"end":{"line":49,"column":24}},"loc":{"start":{"line":49,"column":39},"end":{"line":49,"column":76}},"line":49},"11":{"name":"(anonymous_11)","decl":{"start":{"line":50,"column":27},"end":{"line":50,"column":28}},"loc":{"start":{"line":50,"column":43},"end":{"line":50,"column":79}},"line":50},"12":{"name":"(anonymous_12)","decl":{"start":{"line":51,"column":26},"end":{"line":51,"column":27}},"loc":{"start":{"line":51,"column":42},"end":{"line":51,"column":72}},"line":51},"13":{"name":"(anonymous_13)","decl":{"start":{"line":52,"column":21},"end":{"line":52,"column":22}},"loc":{"start":{"line":52,"column":37},"end":{"line":52,"column":68}},"line":52},"14":{"name":"(anonymous_14)","decl":{"start":{"line":53,"column":24},"end":{"line":53,"column":25}},"loc":{"start":{"line":53,"column":40},"end":{"line":53,"column":76}},"line":53},"15":{"name":"(anonymous_15)","decl":{"start":{"line":54,"column":30},"end":{"line":54,"column":31}},"loc":{"start":{"line":54,"column":46},"end":{"line":54,"column":77}},"line":54},"16":{"name":"(anonymous_16)","decl":{"start":{"line":55,"column":25},"end":{"line":55,"column":26}},"loc":{"start":{"line":55,"column":41},"end":{"line":55,"column":76}},"line":55},"17":{"name":"(anonymous_17)","decl":{"start":{"line":58,"column":14},"end":{"line":58,"column":15}},"loc":{"start":{"line":58,"column":51},"end":{"line":176,"column":1}},"line":58},"18":{"name":"(anonymous_18)","decl":{"start":{"line":77,"column":12},"end":{"line":77,"column":13}},"loc":{"start":{"line":77,"column":18},"end":{"line":92,"column":3}},"line":77},"19":{"name":"(anonymous_19)","decl":{"start":{"line":83,"column":54},"end":{"line":83,"column":55}},"loc":{"start":{"line":83,"column":63},"end":{"line":91,"column":5}},"line":83},"20":{"name":"(anonymous_20)","decl":{"start":{"line":94,"column":34},"end":{"line":94,"column":35}},"loc":{"start":{"line":94,"column":40},"end":{"line":96,"column":3}},"line":94},"21":{"name":"(anonymous_21)","decl":{"start":{"line":98,"column":35},"end":{"line":98,"column":36}},"loc":{"start":{"line":98,"column":40},"end":{"line":100,"column":3}},"line":98},"22":{"name":"(anonymous_22)","decl":{"start":{"line":104,"column":25},"end":{"line":104,"column":26}},"loc":{"start":{"line":104,"column":31},"end":{"line":134,"column":3}},"line":104},"23":{"name":"(anonymous_23)","decl":{"start":{"line":147,"column":17},"end":{"line":147,"column":18}},"loc":{"start":{"line":148,"column":10},"end":{"line":157,"column":16}},"line":148}},"branchMap":{"0":{"loc":{"start":{"line":86,"column":6},"end":{"line":90,"column":7}},"type":"if","locations":[{"start":{"line":86,"column":6},"end":{"line":90,"column":7}},{"start":{"line":86,"column":6},"end":{"line":90,"column":7}}],"line":86},"1":{"loc":{"start":{"line":105,"column":4},"end":{"line":133,"column":5}},"type":"if","locations":[{"start":{"line":105,"column":4},"end":{"line":133,"column":5}},{"start":{"line":105,"column":4},"end":{"line":133,"column":5}}],"line":105},"2":{"loc":{"start":{"line":106,"column":6},"end":{"line":129,"column":7}},"type":"if","locations":[{"start":{"line":106,"column":6},"end":{"line":129,"column":7}},{"start":{"line":106,"column":6},"end":{"line":129,"column":7}}],"line":106}},"s":{"0":1,"1":0,"2":0,"3":0,"4":0,"5":0,"6":0,"7":0,"8":0,"9":0,"10":0,"11":0,"12":0,"13":0,"14":0,"15":0,"16":0,"17":0,"18":1,"19":0,"20":0,"21":0,"22":0,"23":0,"24":0,"25":0,"26":0,"27":0,"28":0,"29":0,"30":0,"31":0,"32":0,"33":0,"34":0,"35":0,"36":0,"37":0,"38":0,"39":0,"40":0,"41":0,"42":0,"43":0,"44":0,"45":0,"46":0,"47":0},"f":{"0":0,"1":0,"2":0,"3":0,"4":0,"5":0,"6":0,"7":0,"8":0,"9":0,"10":0,"11":0,"12":0,"13":0,"14":0,"15":0,"16":0,"17":0,"18":0,"19":0,"20":0,"21":0,"22":0,"23":0},"b":{"0":[0,0],"1":[0,0],"2":[0,0]},"_coverageSchema":"43e27e138ebf9cfc5966b082cf9a028302ed4184","hash":"9062407c247814e9122a94046259102daacce7ba"}
,"/Volumes/MacOS Data/try-studio/client/src/components/index.js": {"path":"/Volumes/MacOS Data/try-studio/client/src/components/index.js","statementMap":{},"fnMap":{},"branchMap":{},"s":{},"f":{},"b":{},"_coverageSchema":"43e27e138ebf9cfc5966b082cf9a028302ed4184","hash":"998bdb2f65327e348de21e632070067072e739c4"}
,"/Volumes/MacOS Data/try-studio/client/src/layouts/Default.js": {"path":"/Volumes/MacOS Data/try-studio/client/src/layouts/Default.js","statementMap":{"0":{"start":{"line":6,"column":16},"end":{"line":15,"column":1}},"1":{"start":{"line":7,"column":23},"end":{"line":7,"column":28}},"2":{"start":{"line":8,"column":2},"end":{"line":14,"column":4}}},"fnMap":{"0":{"name":"(anonymous_0)","decl":{"start":{"line":6,"column":16},"end":{"line":6,"column":17}},"loc":{"start":{"line":6,"column":25},"end":{"line":15,"column":1}},"line":6}},"branchMap":{},"s":{"0":1,"1":0,"2":0},"f":{"0":0},"b":{},"_coverageSchema":"43e27e138ebf9cfc5966b082cf9a028302ed4184","hash":"f1857c96303af4671665aea06559559c70effe85"}
,"/Volumes/MacOS Data/try-studio/client/src/layouts/Navigation.js": {"path":"/Volumes/MacOS Data/try-studio/client/src/layouts/Navigation.js","statementMap":{"0":{"start":{"line":24,"column":20},"end":{"line":24,"column":23}},"1":{"start":{"line":26,"column":18},"end":{"line":66,"column":3}},"2":{"start":{"line":26,"column":41},"end":{"line":66,"column":1}},"3":{"start":{"line":68,"column":19},"end":{"line":128,"column":1}},"4":{"start":{"line":69,"column":47},"end":{"line":69,"column":52}},"5":{"start":{"line":70,"column":18},"end":{"line":70,"column":29}},"6":{"start":{"line":72,"column":2},"end":{"line":74,"column":9}},"7":{"start":{"line":73,"column":4},"end":{"line":73,"column":14}},"8":{"start":{"line":76,"column":2},"end":{"line":78,"column":3}},"9":{"start":{"line":77,"column":4},"end":{"line":77,"column":31}},"10":{"start":{"line":80,"column":2},"end":{"line":127,"column":4}},"11":{"start":{"line":130,"column":24},"end":{"line":135,"column":1}},"12":{"start":{"line":131,"column":2},"end":{"line":134,"column":4}},"13":{"start":{"line":137,"column":27},"end":{"line":142,"column":1}},"14":{"start":{"line":138,"column":2},"end":{"line":141,"column":4}},"15":{"start":{"line":139,"column":19},"end":{"line":139,"column":38}},"16":{"start":{"line":140,"column":19},"end":{"line":140,"column":38}}},"fnMap":{"0":{"name":"(anonymous_0)","decl":{"start":{"line":26,"column":29},"end":{"line":26,"column":30}},"loc":{"start":{"line":26,"column":41},"end":{"line":66,"column":1}},"line":26},"1":{"name":"(anonymous_1)","decl":{"start":{"line":68,"column":19},"end":{"line":68,"column":20}},"loc":{"start":{"line":68,"column":28},"end":{"line":128,"column":1}},"line":68},"2":{"name":"(anonymous_2)","decl":{"start":{"line":72,"column":12},"end":{"line":72,"column":13}},"loc":{"start":{"line":72,"column":18},"end":{"line":74,"column":3}},"line":72},"3":{"name":"(anonymous_3)","decl":{"start":{"line":130,"column":24},"end":{"line":130,"column":25}},"loc":{"start":{"line":130,"column":35},"end":{"line":135,"column":1}},"line":130},"4":{"name":"(anonymous_4)","decl":{"start":{"line":137,"column":27},"end":{"line":137,"column":28}},"loc":{"start":{"line":137,"column":41},"end":{"line":142,"column":1}},"line":137},"5":{"name":"(anonymous_5)","decl":{"start":{"line":139,"column":13},"end":{"line":139,"column":14}},"loc":{"start":{"line":139,"column":19},"end":{"line":139,"column":38}},"line":139},"6":{"name":"(anonymous_6)","decl":{"start":{"line":140,"column":13},"end":{"line":140,"column":14}},"loc":{"start":{"line":140,"column":19},"end":{"line":140,"column":38}},"line":140}},"branchMap":{"0":{"loc":{"start":{"line":76,"column":2},"end":{"line":78,"column":3}},"type":"if","locations":[{"start":{"line":76,"column":2},"end":{"line":78,"column":3}},{"start":{"line":76,"column":2},"end":{"line":78,"column":3}}],"line":76},"1":{"loc":{"start":{"line":90,"column":16},"end":{"line":90,"column":94}},"type":"cond-expr","locations":[{"start":{"line":90,"column":35},"end":{"line":90,"column":47}},{"start":{"line":90,"column":50},"end":{"line":90,"column":94}}],"line":90}},"s":{"0":1,"1":1,"2":0,"3":1,"4":0,"5":0,"6":0,"7":0,"8":0,"9":0,"10":0,"11":1,"12":0,"13":1,"14":0,"15":0,"16":0},"f":{"0":0,"1":0,"2":0,"3":0,"4":0,"5":0,"6":0},"b":{"0":[0,0],"1":[0,0]},"_coverageSchema":"43e27e138ebf9cfc5966b082cf9a028302ed4184","hash":"78be9b829feb80952d2dbcdcd959d4d2cab3a11d"}
,"/Volumes/MacOS Data/try-studio/client/src/layouts/index.js": {"path":"/Volumes/MacOS Data/try-studio/client/src/layouts/index.js","statementMap":{},"fnMap":{},"branchMap":{},"s":{},"f":{},"b":{},"_coverageSchema":"43e27e138ebf9cfc5966b082cf9a028302ed4184","hash":"1843e40ef7b4f262a9c9b90798edf2b7469311e4"}
,"/Volumes/MacOS Data/try-studio/client/src/pages/Dashboard.js": {"path":"/Volumes/MacOS Data/try-studio/client/src/pages/Dashboard.js","statementMap":{"0":{"start":{"line":16,"column":18},"end":{"line":28,"column":2}},"1":{"start":{"line":31,"column":18},"end":{"line":63,"column":1}},"2":{"start":{"line":32,"column":70},"end":{"line":32,"column":75}},"3":{"start":{"line":33,"column":18},"end":{"line":33,"column":29}},"4":{"start":{"line":35,"column":2},"end":{"line":37,"column":9}},"5":{"start":{"line":36,"column":4},"end":{"line":36,"column":14}},"6":{"start":{"line":39,"column":2},"end":{"line":41,"column":3}},"7":{"start":{"line":40,"column":4},"end":{"line":40,"column":31}},"8":{"start":{"line":43,"column":2},"end":{"line":62,"column":4}},"9":{"start":{"line":65,"column":24},"end":{"line":70,"column":1}},"10":{"start":{"line":66,"column":2},"end":{"line":69,"column":4}},"11":{"start":{"line":72,"column":27},"end":{"line":76,"column":1}},"12":{"start":{"line":73,"column":2},"end":{"line":75,"column":4}},"13":{"start":{"line":74,"column":19},"end":{"line":74,"column":38}}},"fnMap":{"0":{"name":"(anonymous_0)","decl":{"start":{"line":31,"column":18},"end":{"line":31,"column":19}},"loc":{"start":{"line":31,"column":27},"end":{"line":63,"column":1}},"line":31},"1":{"name":"(anonymous_1)","decl":{"start":{"line":35,"column":12},"end":{"line":35,"column":13}},"loc":{"start":{"line":35,"column":18},"end":{"line":37,"column":3}},"line":35},"2":{"name":"(anonymous_2)","decl":{"start":{"line":65,"column":24},"end":{"line":65,"column":25}},"loc":{"start":{"line":65,"column":35},"end":{"line":70,"column":1}},"line":65},"3":{"name":"(anonymous_3)","decl":{"start":{"line":72,"column":27},"end":{"line":72,"column":28}},"loc":{"start":{"line":72,"column":41},"end":{"line":76,"column":1}},"line":72},"4":{"name":"(anonymous_4)","decl":{"start":{"line":74,"column":13},"end":{"line":74,"column":14}},"loc":{"start":{"line":74,"column":19},"end":{"line":74,"column":38}},"line":74}},"branchMap":{"0":{"loc":{"start":{"line":39,"column":2},"end":{"line":41,"column":3}},"type":"if","locations":[{"start":{"line":39,"column":2},"end":{"line":41,"column":3}},{"start":{"line":39,"column":2},"end":{"line":41,"column":3}}],"line":39},"1":{"loc":{"start":{"line":47,"column":26},"end":{"line":47,"column":90}},"type":"cond-expr","locations":
[...]
ry-studio/client/src/redux/actions/authActions.js","statementMap":{"0":{"start":{"line":1,"column":22},"end":{"line":25,"column":1}},"1":{"start":{"line":2,"column":4},"end":{"line":24,"column":6}},"2":{"start":{"line":3,"column":25},"end":{"line":3,"column":38}},"3":{"start":{"line":4,"column":26},"end":{"line":4,"column":46}},"4":{"start":{"line":5,"column":23},"end":{"line":5,"column":27}},"5":{"start":{"line":7,"column":8},"end":{"line":23,"column":10}},"6":{"start":{"line":11,"column":12},"end":{"line":20,"column":15}},"7":{"start":{"line":13,"column":20},"end":{"line":16,"column":21}},"8":{"start":{"line":14,"column":24},"end":{"line":14,"column":46}},"9":{"start":{"line":15,"column":24},"end":{"line":15,"column":68}},"10":{"start":{"line":19,"column":16},"end":{"line":19,"column":53}},"11":{"start":{"line":22,"column":12},"end":{"line":22,"column":49}},"12":{"start":{"line":28,"column":23},"end":{"line":45,"column":1}},"13":{"start":{"line":29,"column":4},"end":{"line":44,"column":6}},"14":{"start":{"line":30,"column":25},"end":{"line":30,"column":38}},"15":{"start":{"line":31,"column":26},"end":{"line":31,"column":46}},"16":{"start":{"line":32,"column":23},"end":{"line":32,"column":27}},"17":{"start":{"line":33,"column":8},"end":{"line":43,"column":11}},"18":{"start":{"line":35,"column":16},"end":{"line":39,"column":17}},"19":{"start":{"line":36,"column":20},"end":{"line":36,"column":39}},"20":{"start":{"line":37,"column":20},"end":{"line":37,"column":42}},"21":{"start":{"line":38,"column":20},"end":{"line":38,"column":67}},"22":{"start":{"line":42,"column":12},"end":{"line":42,"column":55}},"23":{"start":{"line":47,"column":23},"end":{"line":54,"column":1}},"24":{"start":{"line":48,"column":4},"end":{"line":53,"column":6}},"25":{"start":{"line":49,"column":25},"end":{"line":49,"column":38}},"26":{"start":{"line":50,"column":8},"end":{"line":52,"column":11}},"27":{"start":{"line":51,"column":12},"end":{"line":51,"column":48}},"28":{"start":{"line":56,"column":22},"end":{"line":78,"column":1}},"29":{"start":{"line":57,"column":4},"end":{"line":77,"column":6}},"30":{"start":{"line":58,"column":25},"end":{"line":58,"column":38}},"31":{"start":{"line":59,"column":26},"end":{"line":59,"column":46}},"32":{"start":{"line":60,"column":8},"end":{"line":76,"column":10}},"33":{"start":{"line":64,"column":12},"end":{"line":73,"column":14}},"34":{"start":{"line":70,"column":16},"end":{"line":70,"column":51}},"35":{"start":{"line":72,"column":16},"end":{"line":72,"column":54}},"36":{"start":{"line":75,"column":12},"end":{"line":75,"column":50}}},"fnMap":{"0":{"name":"(anonymous_0)","decl":{"start":{"line":1,"column":22},"end":{"line":1,"column":23}},"loc":{"start":{"line":1,"column":39},"end":{"line":25,"column":1}},"line":1},"1":{"name":"(anonymous_1)","decl":{"start":{"line":2,"column":11},"end":{"line":2,"column":12}},"loc":{"start":{"line":2,"column":50},"end":{"line":24,"column":5}},"line":2},"2":{"name":"(anonymous_2)","decl":{"start":{"line":10,"column":15},"end":{"line":10,"column":16}},"loc":{"start":{"line":10,"column":25},"end":{"line":21,"column":9}},"line":10},"3":{"name":"(anonymous_3)","decl":{"start":{"line":12,"column":16},"end":{"line":12,"column":17}},"loc":{"start":{"line":12,"column":25},"end":{"line":17,"column":17}},"line":12},"4":{"name":"(anonymous_4)","decl":{"start":{"line":18,"column":20},"end":{"line":18,"column":21}},"loc":{"start":{"line":18,"column":29},"end":{"line":20,"column":13}},"line":18},"5":{"name":"(anonymous_5)","decl":{"start":{"line":21,"column":17},"end":{"line":21,"column":18}},"loc":{"start":{"line":21,"column":26},"end":{"line":23,"column":9}},"line":21},"6":{"name":"(anonymous_6)","decl":{"start":{"line":28,"column":23},"end":{"line":28,"column":24}},"loc":{"start":{"line":28,"column":29},"end":{"line":45,"column":1}},"line":28},"7":{"name":"(anonymous_7)","decl":{"start":{"line":29,"column":11},"end":{"line":29,"column":12}},"loc":{"start":{"line":29,"column":50},"end":{"line":44,"column":5}},"line":29},"8":{"name":"(anonymous_8)","decl":{"start":{"line":34,"column":12},"end":{"line":34,"column":13}},"loc":{"start":{"line":34,"column":21},"end":{"line":40,"column":13}},"line":34},"9":{"name":"(anonymous_9)","decl":{"start":{"line":41,"column":16},"end":{"line":41,"column":17}},"loc":{"start":{"line":41,"column":25},"end":{"line":43,"column":9}},"line":41},"10":{"name":"(anonymous_10)","decl":{"start":{"line":47,"column":23},"end":{"line":47,"column":24}},"loc":{"start":{"line":47,"column":29},"end":{"line":54,"column":1}},"line":47},"11":{"name":"(anonymous_11)","decl":{"start":{"line":48,"column":11},"end":{"line":48,"column":12}},"loc":{"start":{"line":48,"column":50},"end":{"line":53,"column":5}},"line":48},"12":{"name":"(anonymous_12)","decl":{"start":{"line":50,"column":39},"end":{"line":50,"column":40}},"loc":{"start":{"line":50,"column":45},"end":{"line":52,"column":9}},"line":50},"13":{"name":"(anonymous_13)","decl":{"start":{"line":56,"column":22},"end":{"line":56,"column":23}},"loc":{"start":{"line":56,"column":35},"end":{"line":78,"column":1}},"line":56},"14":{"name":"(anonymous_14)","decl":{"start":{"line":57,"column":11},"end":{"line":57,"column":12}},"loc":{"start":{"line":57,"column":50},"end":{"line":77,"column":5}},"line":57},"15":{"name":"(anonymous_15)","decl":{"start":{"line":63,"column":15},"end":{"line":63,"column":16}},"loc":{"start":{"line":63,"column":25},"end":{"line":74,"column":9}},"line":63},"16":{"name":"(anonymous_16)","decl":{"start":{"line":69,"column":20},"end":{"line":69,"column":21}},"loc":{"start":{"line":69,"column":26},"end":{"line":71,"column":13}},"line":69},"17":{"name":"(anonymous_17)","decl":{"start":{"line":71,"column":21},"end":{"line":71,"column":22}},"loc":{"start":{"line":71,"column":28},"end":{"line":73,"column":13}},"line":71},"18":{"name":"(anonymous_18)","decl":{"start":{"line":74,"column":17},"end":{"line":74,"column":18}},"loc":{"start":{"line":74,"column":24},"end":{"line":76,"column":9}},"line":74}},"branchMap":{"0":{"loc":{"start":{"line":13,"column":20},"end":{"line":16,"column":21}},"type":"if","locations":[{"start":{"line":13,"column":20},"end":{"line":16,"column":21}},{"start":{"line":13,"column":20},"end":{"line":16,"column":21}}],"line":13},"1":{"loc":{"start":{"line":35,"column":16},"end":{"line":39,"column":17}},"type":"if","locations":[{"start":{"line":35,"column":16},"end":{"line":39,"column":17}},{"start":{"line":35,"column":16},"end":{"line":39,"column":17}}],"line":35}},"s":{"0":1,"1":0,"2":0,"3":0,"4":0,"5":0,"6":0,"7":0,"8":0,"9":0,"10":0,"11":0,"12":1,"13":0,"14":0,"15":0,"16":0,"17":0,"18":0,"19":0,"20":0,"21":0,"22":0,"23":1,"24":0,"25":0,"26":0,"27":0,"28":1,"29":0,"30":0,"31":0,"32":0,"33":0,"34":0,"35":0,"36":0},"f":{"0":0,"1":0,"2":0,"3":0,"4":0,"5":0,"6":0,"7":0,"8":0,"9":0,"10":0,"11":0,"12":0,"13":0,"14":0,"15":0,"16":0,"17":0,"18":0},"b":{"0":[0,0],"1":[0,0]},"_coverageSchema":"43e27e138ebf9cfc5966b082cf9a028302ed4184","hash":"3aa6a5575da10d6ea6f2209d667c863df3d00d9c"}
,"/Volumes/MacOS Data/try-studio/client/src/redux/actions/dashActions.js": {"path":"/Volumes/MacOS Data/try-studio/client/src/redux/actions/dashActions.js","statementMap":{"0":{"start":{"line":1,"column":29},"end":{"line":31,"column":1}},"1":{"start":{"line":2,"column":2},"end":{"line":30,"column":4}},"2":{"start":{"line":3,"column":21},"end":{"line":3,"column":34}},"3":{"start":{"line":4,"column":16},"end":{"line":4,"column":36}},"4":{"start":{"line":5,"column":21},"end":{"line":5,"column":44}},"5":{"start":{"line":6,"column":20},"end":{"line":6,"column":65}},"6":{"start":{"line":7,"column":26},"end":{"line":7,"column":54}},"7":{"start":{"line":9,"column":4},"end":{"line":29,"column":7}},"8":{"start":{"line":11,"column":23},"end":{"line":11,"column":25}},"9":{"start":{"line":12,"column":6},"end":{"line":12,"column":42}},"10":{"start":{"line":13,"column":6},"end":{"line":28,"column":7}},"11":{"start":{"line":14,"column":8},"end":{"line":27,"column":9}},"12":{"start":{"line":15,"column":10},"end":{"line":15,"column":59}},"13":{"start":{"line":16,"column":10},"end":{"line":19,"column":11}},"14":{"start":{"line":17,"column":10},"end":{"line":17,"column":38}},"15":{"start":{"line":21,"column":8},"end":{"line":21,"column":54}},"16":{"start":{"line":23,"column":8},"end":{"line":26,"column":11}}},"fnMap":{"0":{"name":"(anonymous_0)","decl":{"start":{"line":1,"column":29},"end":{"line":1,"column":30}},"loc":{"start":{"line":1,"column":35},"end":{"line":31,"column":1}},"line":1},"1":{"name":"(anonymous_1)","decl":{"start":{"line":2,"column":9},"end":{"line":2,"column":10}},"loc":{"start":{"line":2,"column":50},"end":{"line":30,"column":3}},"line":2},"2":{"name":"(anonymous_2)","decl":{"start":{"line":9,"column":23},"end":{"line":9,"column":24}},"loc":{"start":{"line":9,"column":30},"end":{"line":29,"column":5}},"line":9},"3":{"name":"(anonymous_3)","decl":{"start":{"line":14,"column":101},"end":{"line":14,"column":102}},"loc":{"start":{"line":14,"column":113},"end":{"line":20,"column":7}},"line":14},"4":{"name":"(anonymous_4)","decl":{"start":{"line":16,"column":27},"end":{"line":16,"column":28}},"loc":{"start":{"line":16,"column":34},"end":{"line":19,"column":9}},"line":16},"5":{"name":"(anonymous_5)","decl":{"start":{"line":20,"column":15},"end":{"line":20,"column":16}},"loc":{"start":{"line":20,"column":22},"end":{"line":22,"column":7}},"line":20},"6":{"name":"(anonymous_6)","decl":{"start":{"line":22,"column":14},"end":{"line":22,"column":15}},"loc":{"start":{"line":22,"column":20},"end":{"line":27,"column":7}},"line":22}},"branchMap":{"0":{"loc":{"start":{"line":13,"column":6},"end":{"line":28,"column":7}},"type":"if","locations":[{"start":{"line":13,"column":6},"end":{"line":28,"column":7}},{"start":{"line":13,"column":6},"end":{"line":28,"column":7}}],"line":13},"1":{"loc":{"start":{"line":13,"column":10},"end":{"line":13,"column":47}},"type":"binary-expr","locations":[{"start":{"line":13,"column":10},"end":{"line":13,"column":21}},{"start":{"line":13,"column":25},"end":{"line":13,"column":47}}],"line":13}},"s":{"0":1,"1":0,"2":0,"3":0,"4":0,"5":0,"6":0,"7":0,"8":0,"9":0,"10":0,"11":0,"12":0,"13":0,"14":0,"15":0,"16":0},"f":{"0":0,"1":0,"2":0,"3":0,"4":0,"5":0,"6":0},"b":{"0":[0,0],"1":[0,0]},"_coverageSchema":"43e27e138ebf9cfc5966b082cf9a028302ed4184","hash":"350b3d57ab9906d420eea231ad6179e5506cb37e"}
,"/Volumes/MacOS Data/try-studio/client/src/redux/actions/licenseActions.js": {"path":"/Volumes/MacOS Data/try-studio/client/src/redux/actions/licenseActions.js","statementMap":{"0":{"start":{"line":3,"column":27},"end":{"line":43,"column":1}},"1":{"start":{"line":4,"column":2},"end":{"line":42,"column":4}},"2":{"start":{"line":5,"column":21},"end":{"line":5,"column":34}},"3":{"start":{"line":6,"column":16},"end":{"line":6,"column":36}},"4":{"start":{"line":7,"column":21},"end":{"line":7,"column":44}},"5":{"start":{"line":8,"column":20},"end":{"line":8,"column":65}},"6":{"start":{"line":9,"column":24},"end":{"line":9,"column":50}},"7":{"start":{"line":11,"column":4},"end":{"line":41,"column":7}},"8":{"start":{"line":13,"column":21},"end":{"line":13,"column":23}},"9":{"start":{"line":14,"column":6},"end":{"line":14,"column":39}},"10":{"start":{"line":15,"column":6},"end":{"line":40,"column":7}},"11":{"start":{"line":18,"column":8},"end":{"line":24,"column":9}},"12":{"start":{"line":19,"column":10},"end":{"line":19,"column":108}},"13":{"start":{"line":21,"column":10},"end":{"line":23,"column":11}},"14":{"start":{"line":26,"column":8},"end":{"line":39,"column":9}},"15":{"start":{"line":27,"column":10},"end":{"line":31,"column":11}},"16":{"start":{"line":28,"column":23},"end":{"line":28,"column":33}},"17":{"start":{"line":29,"column":12},"end":{"line":29,"column":39}},"18":{"start":{"line":30,"column":12},"end":{"line":30,"column":32}},"19":{"start":{"line":33,"column":8},"end":{"line":33,"column":52}},"20":{"start":{"line":35,"column":8},"end":{"line":38,"column":11}}},"fnMap":{"0":{"name":"(anonymous_0)","decl":{"start":{"line":3,"column":27},"end":{"line":3,"column":28}},"loc":{"start":{"line":3,"column":43},"end":{"line":43,"column":1}},"line":3},"1":{"name":"(anonymous_1)","decl":{"start":{"line":4,"column":9},"end":{"line":4,"column":10}},"loc":{"start":{"line":4,"column":50},"end":{"line":42,"column":3}},"line":4},"2":{"name":"(anonymous_2)","decl":{"start":{"line":11,"column":23},"end":{"line":11,"column":24}},"loc":{"start":{"line":11,"column":30},"end":{"line":41,"column":5}},"line":11},"3":{"name":"(anonymous_3)","decl":{"start":{"line":26,"column":36},"end":{"line":26,"column":37}},"loc":{"start":{"line":26,"column":48},"end":{"line":32,"column":7}},"line":26},"4":{"name":"(anonymous_4)","decl":{"start":{"line":27,"column":27},"end":{"line":27,"column":28}},"loc":{"start":{"line":27,"column":34},"end":{"line":31,"column":9}},"line":27},"5":{"name":"(anonymous_5)","decl":{"start":{"line":32,"column":15},"end":{"line":32,"column":16}},"loc":{"start":{"line":32,"column":22},"end":{"line":34,"column":7}},"line":32},"6":{"name":"(anonymous_6)","decl":{"start":{"line":34,"column":14},"end":{"line":34,"column":15}},"loc":{"start":{"line":34,"column":20},"end":{"line":39,"column":7}},"line":34}},"branchMap":{"0":{"loc":{"start":{"line":15,"column":6},"end":{"line":40,"column":7}},"type":"if","locations":[{"start":{"line":15,"column":6},"end":{"line":40,"column":7}},{"start":{"line":15,"column":6},"end":{"line":40,"column":7}}],"line":15},"1":{"loc":{"start":{"line":15,"column":10},"end":{"line":15,"column":45}},"type":"binary-expr","locations":[{"start":{"line":15,"column":10},"end":{"line":15,"column":20}},{"start":{"line":15,"column":24},"end":{"line":15,"column":45}}],"line":15},"2":{"loc":{"start":{"line":18,"column":8},"end":{"line":24,"column":9}},"type":"if","locations":[{"start":{"line":18,"column":8},"end":{"line":24,"column":9}},{"start":{"line":18,"column":8},"end":{"line":24,"column":9}}],"line":18}},"s":{"0":1,"1":0,"2":0,"3":0,"4":0,"5":0,"6":0,"7":0,"8":0,"9":0,"10":0,"11":0,"12":0,"13":0,"14":0,"15":0,"16":0,"17":0,"18":0,"19":0,"20":0},"f":{"0":0,"1":0,"2":0,"3":0,"4":0,"5":0,"6":0},"b":{"0":[0,0],"1":[0,0],"2":[0,0]},"_coverageSchema":"43e27e138ebf9cfc5966b082cf9a028302ed4184","hash":"618abf419be71398ce4156b098c8f01e3848c68a"}
,"/Volumes/MacOS Data/try-studio/client/src/redux/reducers/authReducer.js": {"path":"/Volumes/MacOS Data/try-studio/client/src/redux/reducers/authReducer.js","statementMap":{"0":{"start":{"line":1,"column":18},"end":{"line":4,"column":1}},"1":{"start":{"line":6,"column":20},"end":{"line":44,"column":1}},"2":{"start":{"line":7,"column":4},"end":{"line":43,"column":5}},"3":{"start":{"line":9,"column":12},"end":{"line":12,"column":14}},"4":{"start":{"line":14,"column":12},"end":{"line":18,"column":14}},"5":{"start":{"line":20,"column":12},"end":{"line":23,"column":13}},"6":{"start":{"line":25,"column":12},"end":{"line":28,"column":13}},"7":{"start":{"line":30,"column":12},"end":{"line":30,"column":25}},"8":{"start":{"line":32,"column":12},"end":{"line":35,"column":14}},"9":{"start":{"line":37,"column":12},"end":{"line":40,"column":14}},"10":{"start":{"line":42,"column":12},"end":{"line":42,"column":25}}},"fnMap":{"0":{"name":"(anonymous_0)","decl":{"start":{"line":6,"column":20},"end":{"line":6,"column":21}},"loc":{"start":{"line":6,"column":51},"end":{"line":44,"column":1}},"line":6}},"branchMap":{"0":{"loc":{"start":{"line":6,"column":21},"end":{"line":6,"column":38}},"type":"default-arg","locations":[{"start":{"line":6,"column":29},"end":{"line":6,"column":38}}],"line":6},"1":{"loc":{"start":{"line":7,"column":4},"end":{"line":43,"column":5}},"type":"switch","locations":[{"start":{"line":8,"column":8},"end":{"line":12,"column":14}},{"start":{"line":13,"column":8},"end":{"line":18,"column":14}},{"start":{"line":19,"column":8},"end":{"line":23,"column":13}},{"start":{"line":24,"column":8},"end":{"line":28,"column":13}},{"start":{"line":29,"column":8},"end":{"line":30,"column":25}},{"start":{"line":31,"column":8},"end":{"line":35,"column":14}},{"start":{"line":36,"column":8},"end":{"line":40,"column":14}},{"start":{"line":41,"column":8},"end":{"line":42,"column":25}}],"line":7},"2":{"loc":{"start":{"line":11,"column":27},"end":{"line":11,"column":201}},"type":"cond-expr","locations":[{"start":{"line":11,"column":144},"end":{"line":11,"column":162}},{"start":{"line":11,"column":165},"end":{"line":11,"column":201}}],"line":11}},"s":{"0":1,"1":1,"2":3,"3":0,"4":0,"5":0,"6":0,"7":0,"8":0,"9":0,"10":3},"f":{"0":3},"b":{"0":[3],"1":[0,0,0,0,0,0,0,3],"2":[0,0]},"_coverageSchema":"43e27e138ebf9cfc5966b082cf9a028302ed4184","hash":"0c87b47eaa200621582a4bc8324ae9b8f59a33a8"}
,"/Volumes/MacOS Data/try-studio/client/src/redux/reducers/dashReducer.js": {"path":"/Volumes/MacOS Data/try-studio/client/src/redux/reducers/dashReducer.js","statementMap":{"0":{"start":{"line":1,"column":18},"end":{"line":4,"column":1}},"1":{"start":{"line":6,"column":20},"end":{"line":22,"column":1}},"2":{"start":{"line":7,"column":2},"end":{"line":21,"column":3}},"3":{"start":{"line":9,"column":6},"end":{"line":13,"column":8}},"4":{"start":{"line":15,"column":6},"end":{"line":18,"column":8}},"5":{"start":{"line":20,"column":6},"end":{"line":20,"column":19}}},"fnMap":{"0":{"name":"(anonymous_0)","decl":{"start":{"line":6,"column":20},"end":{"line":6,"column":21}},"loc":{"start":{"line":6,"column":51},"end":{"line":22,"column":1}},"line":6}},"branchMap":{"0":{"loc":{"start":{"line":6,"column":21},"end":{"line":6,"column":38}},"type":"default-arg","locations":[{"start":{"line":6,"column":29},"end":{"line":6,"column":38}}],"line":6},"1":{"loc":{"start":{"line":7,"column":2},"end":{"line":21,"column":3}},"type":"switch","locations":[{"start":{"line":8,"column":4},"end":{"line":13,"column":8}},{"start":{"line":14,"column":4},"end":{"line":18,"column":8}},{"start":{"line":19,"column":4},"end":{"line":20,"column":19}}],"line":7}},"s":{"0":1,"1":1,"2":3,"3":0,"4":0,"5":3},"f":{"0":3},"b":{"0":[3],"1":[0,0,3]},"_coverageSchema":"43e27e138ebf9cfc5966b082cf9a028302ed4184","hash":"24c7c72dc8d47b5ce18efda1507e252ccc268bad"}
,"/Volumes/MacOS Data/try-studio/client/src/redux/reducers/licenseReducer.js": {"path":"/Volumes/MacOS Data/try-studio/client/src/redux/reducers/licenseReducer.js","statementMap":{"0":{"start":{"line":1,"column":18},"end":{"line":4,"column":1}},"1":{"start":{"line":6,"column":23},"end":{"line":22,"column":1}},"2":{"start":{"line":7,"column":2},"end":{"line":21,"column":3}},"3":{"start":{"line":9,"column":6},"end":{"line":13,"column":8}},"4":{"start":{"line":15,"column":6},"end":{"line":18,"column":8}},"5":{"start":{"line":20,"column":6},"end":{"line":20,"column":19}}},"fnMap":{"0":{"name":"(anonymous_0)","decl":{"start":{"line":6,"column":23},"end":{"line":6,"column":24}},"loc":{"start":{"line":6,"column":54},"end":{"line":22,"column":1}},"line":6}},"branchMap":{"0":{"loc":{"start":{"line":6,"column":24},"end":{"line":6,"column":41}},"type":"default-arg","locations":[{"start":{"line":6,"column":32},"end":{"line":6,"column":41}}],"line":6},"1":{"loc":{"start":{"line":7,"column":2},"end":{"line":21,"column":3}},"type":"switch","locations":[{"start":{"line":8,"column":4},"end":{"line":13,"column":8}},{"start":{"line":14,"column":4},"end":{"line":18,"column":8}},{"start":{"line":19,"column":4},"end":{"line":20,"column":19}}],"line":7}},"s":{"0":1,"1":1,"2":3,"3":0,"4":0,"5":3},"f":{"0":3},"b":{"0":[3],"1":[0,0,3]},"_coverageSchema":"43e27e138ebf9cfc5966b082cf9a028302ed4184","hash":"09b0aea4145515b9d2841bbc0c0278031388bb67"}
,"/Volumes/MacOS Data/try-studio/client/src/redux/reducers/rootReducer.js": {"path":"/Volumes/MacOS Data/try-studio/client/src/redux/reducers/rootReducer.js","statementMap":{"0":{"start":{"line":8,"column":20},"end":{"line":14,"column":2}}},"fnMap":{},"branchMap":{},"s":{"0":1},"f":{},"b":{},"_coverageSchema":"43e27e138ebf9cfc5966b082cf9a028302ed4184","hash":"2a2d670b52ec8c90b180b1e68cb73ebe71799445"}
}
