TN:
SF:/Volumes/MacOS Data/try-studio/client/src/App.js
FN:27,AuthIsLoaded
FN:28,(anonymous_1)
FN:33,App
FNF:3
FNH:0
FNDA:0,AuthIsLoaded
FNDA:0,(anonymous_1)
FNDA:0,App
DA:22,1
DA:23,1
DA:25,1
DA:28,0
DA:29,0
DA:30,0
DA:34,0
LF:7
LH:3
BRDA:22,0,0,1
BRDA:22,0,1,1
BRDA:29,1,0,0
BRDA:29,1,1,0
BRF:4
BRH:2
end_of_record
TN:
SF:/Volumes/MacOS Data/try-studio/client/src/RouteWithLayout.js
FN:9,(anonymous_0)
FN:12,(anonymous_1)
FNF:2
FNH:0
FNDA:0,(anonymous_0)
FNDA:0,(anonymous_1)
DA:9,1
DA:10,0
DA:13,0
LF:3
LH:1
BRF:0
BRH:0
end_of_record
TN:
SF:/Volumes/MacOS Data/try-studio/client/src/Routes.js
FN:14,(anonymous_0)
FNF:1
FNH:0
FNDA:0,(anonymous_0)
DA:14,1
DA:15,0
LF:2
LH:1
BRF:0
BRH:0
end_of_record
TN:
SF:/Volumes/MacOS Data/try-studio/client/src/Theme.js
FNF:0
FNH:0
DA:3,1
LF:1
LH:1
BRF:0
BRH:0
end_of_record
TN:
SF:/Volumes/MacOS Data/try-studio/client/src/config.js
FNF:0
FNH:0
DA:1,1
DA:12,1
LF:2
LH:2
BRF:0
BRH:0
end_of_record
TN:
SF:/Volumes/MacOS Data/try-studio/client/src/history.js
FNF:0
FNH:0
LF:0
LH:0
BRF:0
BRH:0
end_of_record
TN:
SF:/Volumes/MacOS Data/try-studio/client/src/index.js
FNF:0
FNH:0
DA:7,0
DA:12,0
LF:2
LH:0
BRF:0
BRH:0
end_of_record
TN:
SF:/Volumes/MacOS Data/try-studio/client/src/serviceWorker.js
FN:23,register
FN:34,(anonymous_1)
FN:43,(anonymous_2)
FN:57,registerValidSW
FN:60,(anonymous_4)
FN:61,(anonymous_5)
FN:66,(anonymous_6)
FN:96,(anonymous_7)
FN:101,checkValidServiceWorker
FN:106,(anonymous_9)
FN:114,(anonymous_10)
FN:115,(anonymous_11)
FN:124,(anonymous_12)
FN:131,unregister
FN:134,(anonymous_14)
FN:137,(anonymous_15)
FNF:16
FNH:0
FNDA:0,register
FNDA:0,(anonymous_1)
FNDA:0,(anonymous_2)
FNDA:0,registerValidSW
FNDA:0,(anonymous_4)
FNDA:0,(anonymous_5)
FNDA:0,(anonymous_6)
FNDA:0,(anonymous_7)
FNDA:0,checkValidServiceWorker
FNDA:0,(anonymous_9)
FNDA:0,(anonymous_10)
FNDA:0,(anonymous_11)
FNDA:0,(anonymous_12)
FNDA:0,unregister
FNDA:0,(anonymous_14)
FNDA:0,(anonymous_15)
DA:13,0
DA:24,0
DA:26,0
DA:27,0
DA:31,0
DA:34,0
DA:35,0
DA:37,0
DA:39,0
DA:43,0
DA:44,0
DA:51,0
DA:58,0
DA:61,0
DA:62,0
DA:63,0
DA:64,0
DA:66,0
DA:67,0
DA:68,0
DA:72,0
DA:78,0
DA:79,0
DA:85,0
DA:88,0
DA:89,0
DA:97,0
DA:103,0
DA:108,0
DA:109,0
DA:114,0
DA:115,0
DA:116,0
DA:121,0
DA:125,0
DA:132,0
DA:133,0
DA:135,0
DA:138,0
LF:39
LH:0
BRDA:14,0,0,0
BRDA:14,0,1,0
BRDA:14,0,2,0
BRDA:24,1,0,0
BRDA:24,1,1,0
BRDA:24,2,0,0
BRDA:24,2,1,0
BRDA:27,3,0,0
BRDA:27,3,1,0
BRDA:37,4,0,0
BRDA:37,4,1,0
BRDA:63,5,0,0
BRDA:63,5,1,0
BRDA:67,6,0,0
BRDA:67,6,1,0
BRDA:68,7,0,0
BRDA:68,7,1,0
BRDA:78,8,0,0
BRDA:78,8,1,0
BRDA:78,9,0,0
BRDA:78,9,1,0
BRDA:88,10,0,0
BRDA:88,10,1,0
BRDA:88,11,0,0
BRDA:88,11,1,0
BRDA:109,12,0,0
BRDA:109,12,1,0
BRDA:110,13,0,0
BRDA:110,13,1,0
BRDA:110,13,2,0
BRDA:132,14,0,0
BRDA:132,14,1,0
BRF:32
BRH:0
end_of_record
TN:
SF:/Volumes/MacOS Data/try-studio/client/src/store.js
FN:6,configureStore
FN:12,(anonymous_1)
FN:12,(anonymous_2)
FN:18,(anonymous_3)
FNF:4
FNH:2
FNDA:1,configureStore
FNDA:0,(anonymous_1)
FNDA:1,(anonymous_2)
FNDA:0,(anonymous_3)
DA:7,1
DA:10,1
DA:12,1
DA:14,1
DA:16,1
DA:18,0
DA:19,0
DA:20,0
DA:24,1
LF:9
LH:6
BRDA:12,0,0,0
BRDA:12,0,1,1
BRDA:12,1,0,1
BRDA:12,1,1,1
BRDA:16,2,0,0
BRDA:16,2,1,1
BRF:6
BRH:4
end_of_record
TN:
SF:/Volumes/MacOS Data/try-studio/client/src/components/Businesses.js
FN:43,(anonymous_0)
FN:52,(anonymous_1)
FN:59,(anonymous_2)
FN:80,(anonymous_3)
FN:85,(anonymous_4)
FN:89,(anonymous_5)
FN:97,(anonymous_6)
FN:105,(anonymous_7)
FN:112,(anonymous_8)
FN:114,(anonymous_9)
FNF:10
FNH:0
FNDA:0,(anonymous_0)
FNDA:0,(anonymous_1)
FNDA:0,(anonymous_2)
FNDA:0,(anonymous_3)
FNDA:0,(anonymous_4)
FNDA:0,(anonymous_5)
FNDA:0,(anonymous_6)
FNDA:0,(anonymous_7)
FNDA:0,(anonymous_8)
FNDA:0,(anonymous_9)
DA:20,1
DA:35,1
DA:43,1
DA:44,0
DA:46,0
DA:47,0
DA:48,0
DA:50,0
DA:52,0
DA:53,0
DA:54,0
DA:57,0
DA:60,0
DA:80,0
DA:85,0
DA:89,0
DA:97,0
DA:105,1
DA:106,0
DA:112,1
DA:113,0
DA:114,0
LF:22
LH:5
BRDA:84,0,0,0
BRDA:84,0,1,0
BRF:2
BRH:0
end_of_record
TN:
SF:/Volumes/MacOS Data/try-studio/client/src/components/LicenseTable.js
FN:10,(anonymous_0)
FN:12,(anonymous_1)
FN:23,(anonymous_2)
FN:30,(anonymous_3)
FN:32,(anonymous_4)
FNF:5
FNH:0
FNDA:0,(anonymous_0)
FNDA:0,(anonymous_1)
FNDA:0,(anonymous_2)
FNDA:0,(anonymous_3)
FNDA:0,(anonymous_4)
DA:10,1
DA:12,0
DA:13,0
DA:18,0
DA:23,1
DA:24,0
DA:30,1
DA:31,0
DA:32,0
LF:9
LH:3
BRF:0
BRH:0
end_of_record
TN:
SF:/Volumes/MacOS Data/try-studio/client/src/components/LinearDeterminate.js
FNF:0
FNH:0
DA:4,1
LF:1
LH:1
BRF:0
BRH:0
end_of_record
TN:
SF:/Volumes/MacOS Data/try-studio/client/src/components/ListItems.js
FN:23,(anonymous_0)
FNF:1
FNH:1
FNDA:4,(anonymous_0)
DA:15,1
DA:23,1
DA:24,4
LF:3
LH:3
BRF:0
BRH:0
end_of_record
TN:
SF:/Volumes/MacOS Data/try-studio/client/src/components/Location.js
FN:12,loadScript
FN:26,(anonymous_1)
FN:33,Location
FN:51,(anonymous_3)
FN:56,(anonymous_4)
FN:66,(anonymous_5)
FN:67,(anonymous_6)
FN:73,(anonymous_7)
FN:88,(anonymous_8)
FN:94,(anonymous_9)
FN:104,(anonymous_10)
FN:105,(anonymous_11)
FN:109,(anonymous_12)
FN:118,(anonymous_13)
FN:122,(anonymous_14)
FN:131,(anonymous_15)
FNF:16
FNH:0
FNDA:0,loadScript
FNDA:0,(anonymous_1)
FNDA:0,Location
FNDA:0,(anonymous_3)
FNDA:0,(anonymous_4)
FNDA:0,(anonymous_5)
FNDA:0,(anonymous_6)
FNDA:0,(anonymous_7)
FNDA:0,(anonymous_8)
FNDA:0,(anonymous_9)
FNDA:0,(anonymous_10)
FNDA:0,(anonymous_11)
FNDA:0,(anonymous_12)
FNDA:0,(anonymous_13)
FNDA:0,(anonymous_14)
FNDA:0,(anonymous_15)
DA:13,0
DA:14,0
DA:17,0
DA:18,0
DA:19,0
DA:20,0
DA:21,0
DA:24,1
DA:26,1
DA:34,0
DA:35,0
DA:36,0
DA:37,0
DA:38,0
DA:40,0
DA:41,0
DA:42,0
DA:48,0
DA:51,0
DA:52,0
DA:53,0
DA:56,0
DA:57,0
DA:58,0
DA:59,0
DA:60,0
DA:65,0
DA:67,0
DA:68,0
DA:73,0
DA:74,0
DA:76,0
DA:77,0
DA:79,0
DA:80,0
DA:83,0
DA:84,0
DA:85,0
DA:88,0
DA:89,0
DA:90,0
DA:94,0
DA:95,0
DA:99,0
DA:104,0
DA:105,0
DA:110,0
DA:119,0
DA:120,0
DA:122,0
DA:125,0
DA:132,0
LF:52
LH:2
BRDA:13,0,0,0
BRDA:13,0,1,0
BRDA:40,1,0,0
BRDA:40,1,1,0
BRDA:40,2,0,0
BRDA:40,2,1,0
BRDA:41,3,0,0
BRDA:41,3,1,0
BRDA:58,4,0,0
BRDA:58,4,1,0
BRDA:76,5,0,0
BRDA:76,5,1,0
BRDA:76,6,0,0
BRDA:76,6,1,0
BRDA:79,7,0,0
BRDA:79,7,1,0
BRDA:83,8,0,0
BRDA:83,8,1,0
BRDA:89,9,0,0
BRDA:89,9,1,0
BRDA:90,10,0,0
BRDA:90,10,1,0
BRDA:104,11,0,0
BRDA:104,11,1,0
BRDA:132,12,0,0
BRDA:132,12,1,0
BRF:26
BRH:0
end_of_record
TN:
SF:/Volumes/MacOS Data/try-studio/client/src/components/Modal.js
FN:8,(anonymous_0)
FN:36,(anonymous_1)
FN:42,(anonymous_2)
FN:51,Modal
FNF:4
FNH:0
FNDA:0,(anonymous_0)
FNDA:0,(anonymous_1)
FNDA:0,(anonymous_2)
FNDA:0,Modal
DA:8,1
DA:36,1
DA:42,1
DA:52,0
LF:4
LH:3
BRF:0
BRH:0
end_of_record
TN:
SF:/Volumes/MacOS Data/try-studio/client/src/components/Questions.js
FN:22,(anonymous_0)
FN:54,getSteps
FN:58,(anonymous_2)
FN:60,Questions
FN:88,(anonymous_4)
FN:103,(anonymous_5)
FN:110,(anonymous_6)
FN:124,(anonymous_7)
FN:136,(anonymous_8)
FN:140,(anonymous_9)
FN:141,(anonymous_10)
FN:153,(anonymous_11)
FN:154,(anonymous_12)
FN:183,(anonymous_13)
FN:225,(anonymous_14)
FN:288,(anonymous_15)
FN:339,(anonymous_16)
FN:355,(anonymous_17)
FN:369,(anonymous_18)
FN:387,(anonymous_19)
FN:389,(anonymous_20)
FN:392,(anonymous_21)
FN:409,(anonymous_22)
FN:411,(anonymous_23)
FN:414,(anonymous_24)
FN:431,(anonymous_25)
FN:432,(anonymous_26)
FN:435,(anonymous_27)
FN:442,(anonymous_28)
FNF:29
FNH:0
FNDA:0,(anonymous_0)
FNDA:0,getSteps
FNDA:0,(anonymous_2)
FNDA:0,Questions
FNDA:0,(anonymous_4)
FNDA:0,(anonymous_5)
FNDA:0,(anonymous_6)
FNDA:0,(anonymous_7)
FNDA:0,(anonymous_8)
FNDA:0,(anonymous_9)
FNDA:0,(anonymous_10)
FNDA:0,(anonymous_11)
FNDA:0,(anonymous_12)
FNDA:0,(anonymous_13)
FNDA:0,(anonymous_14)
FNDA:0,(anonymous_15)
FNDA:0,(anonymous_16)
FNDA:0,(anonymous_17)
FNDA:0,(anonymous_18)
FNDA:0,(anonymous_19)
FNDA:0,(anonymous_20)
FNDA:0,(anonymous_21)
FNDA:0,(anonymous_22)
FNDA:0,(anonymous_23)
FNDA:0,(anonymous_24)
FNDA:0,(anonymous_25)
FNDA:0,(anonymous_26)
FNDA:0,(anonymous_27)
FNDA:0,(anonymous_28)
DA:22,1
DA:55,0
DA:58,1
DA:62,0
DA:63,0
DA:65,0
DA:66,0
DA:67,0
DA:68,0
DA:70,0
DA:71,0
DA:74,0
DA:75,0
DA:76,0
DA:77,0
DA:81,0
DA:83,0
DA:84,0
DA:88,0
DA:89,0
DA:90,0
DA:91,0
DA:92,0
DA:94,0
DA:97,0
DA:101,0
DA:103,0
DA:104,0
DA:105,0
DA:110,0
DA:112,0
DA:113,0
DA:114,0
DA:122,0
DA:124,0
DA:125,0
DA:126,0
DA:127,0
DA:128,0
DA:129,0
DA:130,0
DA:133,0
DA:134,0
DA:136,0
DA:137,0
DA:138,0
DA:139,0
DA:141,0
DA:142,0
DA:143,0
DA:144,0
DA:153,0
DA:155,0
DA:183,0
DA:226,0
DA:288,0
DA:289,0
DA:291,0
DA:292,0
DA:294,0
DA:295,0
DA:297,0
DA:301,0
DA:328,0
DA:339,0
DA:351,0
DA:355,0
DA:356,0
DA:358,0
DA:360,0
DA:362,0
DA:364,0
DA:369,0
DA:371,0
DA:373,0
DA:374,0
DA:377,0
DA:379,0
DA:382,0
DA:383,0
DA:384,0
DA:385,0
DA:386,0
DA:387,0
DA:388,0
DA:389,0
DA:390,0
DA:391,0
DA:392,0
DA:393,0
DA:401,0
DA:402,0
DA:403,0
DA:404,0
DA:405,0
DA:406,0
DA:407,0
DA:408,0
DA:410,0
DA:411,0
DA:412,0
DA:413,0
DA:414,0
DA:415,0
DA:422,0
DA:425,0
DA:427,0
DA:431,0
DA:432,0
DA:435,0
DA:436,0
DA:439,0
DA:443,0
DA:444,0
DA:445,0
LF:115
LH:2
BRDA:89,0,0,0
BRDA:89,0,1,0
BRDA:104,1,0,0
BRDA:104,1,1,0
BRDA:126,2,0,0
BRDA:126,2,1,0
BRDA:133,3,0,0
BRDA:133,3,1,0
BRDA:153,4,0,0
BRDA:153,4,1,0
BRDA:198,5,0,0
BRDA:198,5,1,0
BRDA:198,5,2,0
BRDA:216,6,0,0
BRDA:216,6,1,0
BRDA:216,6,2,0
BRDA:234,7,0,0
BRDA:234,7,1,0
BRDA:234,7,2,0
BRDA:281,8,0,0
BRDA:281,8,1,0
BRDA:281,8,2,0
BRDA:289,9,0,0
BRDA:289,9,1,0
BRDA:289,9,2,0
BRDA:289,9,3,0
BRDA:291,10,0,0
BRDA:291,10,1,0
BRDA:294,11,0,0
BRDA:294,11,1,0
BRDA:303,12,0,0
BRDA:303,12,1,0
BRDA:306,13,0,0
BRDA:306,13,1,0
BRDA:308,14,0,0
BRDA:308,14,1,0
BRDA:329,15,0,0
BRDA:329,15,1,0
BRDA:332,16,0,0
BRDA:332,16,1,0
BRDA:356,17,0,0
BRDA:356,17,1,0
BRDA:356,17,2,0
BRDA:356,17,3,0
BRDA:358,18,0,0
BRDA:358,18,1,0
BRDA:360,19,0,0
BRDA:360,19,1,0
BRDA:362,20,0,0
BRDA:362,20,1,0
BRDA:371,21,0,0
BRDA:371,21,1,0
BRDA:371,21,2,0
BRDA:371,21,3,0
BRDA:373,22,0,0
BRDA:373,22,1,0
BRDA:382,23,0,0
BRDA:382,23,1,0
BRDA:458,24,0,0
BRDA:458,24,1,0
BRDA:458,25,0,0
BRDA:458,25,1,0
BRDA:461,26,0,0
BRDA:461,26,1,0
BRF:64
BRH:0
end_of_record
TN:
SF:/Volumes/MacOS Data/try-studio/client/src/components/Submenu.js
FN:15,(anonymous_0)
FN:22,ListItemLink
FN:26,Submenu
FNF:3
FNH:0
FNDA:0,(anonymous_0)
FNDA:0,ListItemLink
FNDA:0,Submenu
DA:15,1
DA:23,0
DA:27,0
DA:29,0
LF:4
LH:1
BRF:0
BRH:0
end_of_record
TN:
SF:/Volumes/MacOS Data/try-studio/client/src/components/Summary.js
FN:24,createData
FN:28,capitalizeFirstLetter
FN:33,Summary
FN:42,(anonymous_3)
FN:59,(anonymous_4)
FNF:5
FNH:0
FNDA:0,createData
FNDA:0,capitalizeFirstLetter
FNDA:0,Summary
FNDA:0,(anonymous_3)
FNDA:0,(anonymous_4)
DA:7,1
DA:25,0
DA:29,0
DA:34,0
DA:35,0
DA:36,0
DA:42,0
DA:43,0
DA:45,0
DA:47,0
DA:48,0
DA:50,0
DA:51,0
DA:55,0
DA:60,0
LF:15
LH:1
BRDA:43,0,0,0
BRDA:43,0,1,0
BRDA:43,0,2,0
BRF:3
BRH:0
end_of_record
TN:
SF:/Volumes/MacOS Data/try-studio/client/src/components/Table.js
FN:39,(anonymous_0)
FN:40,(anonymous_1)
FN:41,(anonymous_2)
FN:42,(anonymous_3)
FN:43,(anonymous_4)
FN:44,(anonymous_5)
FN:45,(anonymous_6)
FN:46,(anonymous_7)
FN:47,(anonymous_8)
FN:48,(anonymous_9)
FN:49,(anonymous_10)
FN:50,(anonymous_11)
FN:51,(anonymous_12)
FN:52,(anonymous_13)
FN:53,(anonymous_14)
FN:54,(anonymous_15)
FN:55,(anonymous_16)
FN:58,(anonymous_17)
FN:77,(anonymous_18)
FN:83,(anonymous_19)
FN:94,(anonymous_20)
FN:98,(anonymous_21)
FN:104,(anonymous_22)
FN:147,(anonymous_23)
FNF:24
FNH:0
FNDA:0,(anonymous_0)
FNDA:0,(anonymous_1)
FNDA:0,(anonymous_2)
FNDA:0,(anonymous_3)
FNDA:0,(anonymous_4)
FNDA:0,(anonymous_5)
FNDA:0,(anonymous_6)
FNDA:0,(anonymous_7)
FNDA:0,(anonymous_8)
FNDA:0,(anonymous_9)
FNDA:0,(anonymous_10)
FNDA:0,(anonymous_11)
FNDA:0,(anonymous_12)
FNDA:0,(anonymous_13)
FNDA:0,(anonymous_14)
FNDA:0,(anonymous_15)
FNDA:0,(anonymous_16)
FNDA:0,(anonymous_17)
FNDA:0,(anonymous_18)
FNDA:0,(anonymous_19)
FNDA:0,(anonymous_20)
FNDA:0,(anonymous_21)
FNDA:0,(anonymous_22)
FNDA:0,(anonymous_23)
DA:38,1
DA:39,0
DA:40,0
DA:41,0
DA:42,0
DA:43,0
DA:44,0
DA:45,0
DA:46,0
DA:47,0
DA:48,0
DA:49,0
DA:50,0
DA:51,0
DA:52,0
DA:53,0
DA:54,0
DA:55,0
DA:58,1
DA:59,0
DA:60,0
DA:71,0
DA:72,0
DA:73,0
DA:74,0
DA:76,0
DA:77,0
DA:78,0
DA:82,0
DA:83,0
DA:84,0
DA:85,0
DA:86,0
DA:87,0
DA:89,0
DA:94,0
DA:95,0
DA:98,0
DA:99,0
DA:102,0
DA:104,0
DA:105,0
DA:106,0
DA:107,0
DA:128,0
DA:132,0
DA:136,0
DA:148,0
LF:48
LH:2
BRDA:86,0,0,0
BRDA:86,0,1,0
BRDA:105,1,0,0
BRDA:105,1,1,0
BRDA:106,2,0,0
BRDA:106,2,1,0
BRF:6
BRH:0
end_of_record
TN:
SF:/Volumes/MacOS Data/try-studio/client/src/components/index.js
FNF:0
FNH:0
LF:0
LH:0
BRF:0
BRH:0
end_of_record
TN:
SF:/Volumes/MacOS Data/try-studio/client/src/layouts/Default.js
FN:6,(anonymous_0)
FNF:1
FNH:0
FNDA:0,(anonymous_0)
DA:6,1
DA:7,0
DA:8,0
LF:3
LH:1
BRF:0
BRH:0
end_of_record
TN:
SF:/Volumes/MacOS Data/try-studio/client/src/layouts/Navigation.js
FN:26,(anonymous_0)
FN:68,(anonymous_1)
FN:72,(anonymous_2)
FN:130,(anonymous_3)
FN:137,(anonymous_4)
FN:139,(anonymous_5)
FN:140,(anonymous_6)
FNF:7
FNH:0
FNDA:0,(anonymous_0)
FNDA:0,(anonymous_1)
FNDA:0,(anonymous_2)
FNDA:0,(anonymous_3)
FNDA:0,(anonymous_4)
FNDA:0,(anonymous_5)
FNDA:0,(anonymous_6)
DA:24,1
DA:26,1
DA:68,1
DA:69,0
DA:70,0
DA:72,0
DA:73,0
DA:76,0
DA:77,0
DA:80,0
DA:130,1
DA:131,0
DA:137,1
DA:138,0
DA:139,0
DA:140,0
LF:16
LH:5
BRDA:76,0,0,0
BRDA:76,0,1,0
BRDA:90,1,0,0
BRDA:90,1,1,0
BRF:4
BRH:0
end_of_record
TN:
SF:/Volumes/MacOS Data/try-studio/client/src/layouts/index.js
FNF:0
FNH:0
LF:0
LH:0
BRF:0
BRH:0
end_of_record
TN:
SF:/Volumes/MacOS Data/try-studio/client/src/pages/Dashboard.js
FN:31,(anonymous_0)
FN:35,(anonymous_1)
FN:65,(anonymous_2)
FN:72,(anonymous_3)
FN:74,(anonymous_4)
FNF:5
FNH:0
FNDA:0,(anonymous_0)
FNDA:0,(anonymous_1)
FNDA:0,(anonymous_2)
FNDA:0,(anonymous_3)
FNDA:0,(anonymous_4)
DA:16,1
DA:31,1
DA:32,0
DA:33,0
DA:35,0
DA:36,0
DA:39,0
DA:40,0
DA:43,0
DA:65,1
DA:66,0
DA:72,1
DA:73,0
DA:74,0
LF:14
LH:4
BRDA:39,0,0,0
BRDA:39,0,1,0
BRDA:47,1,0,0
BRDA:47,1,1,0
BRF:4
BRH:0
end_of_record
TN:
SF:/Volumes/MacOS Data/try-studio/client/src/pages/Licenses.js
FN:8,(anonymous_0)
FN:24,(anonymous_1)
FNF:2
FNH:0
FNDA:0,(anonymous_0)
FNDA:0,(anonymous_1)
DA:8,1
DA:9,0
DA:11,0
DA:12,0
DA:15,0
DA:24,1
DA:25,0
LF:7
LH:2
BRDA:11,0,0,0
BRDA:11,0,1,0
BRF:2
BRH:0
end_of_record
TN:
SF:/Volumes/MacOS Data/try-studio/client/src/pages/Playlists.js
FN:9,(anonymous_0)
FN:16,(anonymous_1)
FNF:2
FNH:0
FNDA:0,(anonymous_0)
FNDA:0,(anonymous_1)
DA:9,1
DA:16,1
DA:17,0
DA:18,0
LF:4
LH:2
BRF:0
BRH:0
end_of_record
TN:
SF:/Volumes/MacOS Data/try-studio/client/src/pages/Settings.js
FN:14,(anonymous_0)
FN:29,(anonymous_1)
FN:33,(anonymous_2)
FN:63,(anonymous_3)
FN:70,(anonymous_4)
FN:72,(anonymous_5)
FNF:6
FNH:0
FNDA:0,(anonymous_0)
FNDA:0,(anonymous_1)
FNDA:0,(anonymous_2)
FNDA:0,(anonymous_3)
FNDA:0,(anonymous_4)
FNDA:0,(anonymous_5)
DA:14,1
DA:29,1
DA:30,0
DA:31,0
DA:33,0
DA:34,0
DA:38,0
DA:63,1
DA:64,0
DA:70,1
DA:71,0
DA:72,0
LF:12
LH:4
BRDA:51,0,0,0
BRDA:51,0,1,0
BRF:2
BRH:0
end_of_record
TN:
SF:/Volumes/MacOS Data/try-studio/client/src/pages/SignIn.js
FN:29,(anonymous_0)
FN:37,(anonymous_1)
FN:89,(anonymous_2)
FN:99,(anonymous_3)
FN:106,(anonymous_4)
FN:197,(anonymous_5)
FN:204,(anonymous_6)
FN:206,(anonymous_7)
FNF:8
FNH:0
FNDA:0,(anonymous_0)
FNDA:0,(anonymous_1)
FNDA:0,(anonymous_2)
FNDA:0,(anonymous_3)
FNDA:0,(anonymous_4)
FNDA:0,(anonymous_5)
FNDA:0,(anonymous_6)
FNDA:0,(anonymous_7)
DA:29,1
DA:30,0
DA:37,1
DA:89,1
DA:90,0
DA:91,0
DA:93,0
DA:99,0
DA:100,0
DA:106,0
DA:107,0
DA:108,0
DA:111,0
DA:112,0
DA:115,0
DA:197,1
DA:198,0
DA:204,1
DA:205,0
DA:206,0
LF:20
LH:5
BRDA:43,0,0,0
BRDA:43,0,1,0
BRDA:111,1,0,0
BRDA:111,1,1,0
BRDA:135,2,0,0
BRDA:135,2,1,0
BRF:6
BRH:0
end_of_record
TN:
SF:/Volumes/MacOS Data/try-studio/client/src/pages/SignUp.js
FN:18,(anonymous_0)
FN:26,(anonymous_1)
FN:46,(anonymous_2)
FN:57,(anonymous_3)
FN:64,(anonymous_4)
FN:166,(anonymous_5)
FN:173,(anonymous_6)
FN:175,(anonymous_7)
FNF:8
FNH:0
FNDA:0,(anonymous_0)
FNDA:0,(anonymous_1)
FNDA:0,(anonymous_2)
FNDA:0,(anonymous_3)
FNDA:0,(anonymous_4)
FNDA:0,(anonymous_5)
FNDA:0,(anonymous_6)
FNDA:0,(anonymous_7)
DA:18,1
DA:19,0
DA:26,1
DA:46,1
DA:47,0
DA:48,0
DA:50,0
DA:57,0
DA:58,0
DA:64,0
DA:65,0
DA:66,0
DA:69,0
DA:70,0
DA:73,0
DA:166,1
DA:167,0
DA:173,1
DA:174,0
DA:175,0
LF:20
LH:5
BRDA:69,0,0,0
BRDA:69,0,1,0
BRDA:87,1,0,0
BRDA:87,1,1,0
BRF:4
BRH:0
end_of_record
TN:
SF:/Volumes/MacOS Data/try-studio/client/src/pages/index.js
FNF:0
FNH:0
LF:0
LH:0
BRF:0
BRH:0
end_of_record
TN:
SF:/Volumes/MacOS Data/try-studio/client/src/redux/actions/authActions.js
FN:1,(anonymous_0)
FN:2,(anonymous_1)
FN:10,(anonymous_2)
FN:12,(anonymous_3)
FN:18,(anonymous_4)
FN:21,(anonymous_5)
FN:28,(anonymous_6)
FN:29,(anonymous_7)
FN:34,(anonymous_8)
FN:41,(anonymous_9)
FN:47,(anonymous_10)
FN:48,(anonymous_11)
FN:50,(anonymous_12)
FN:56,(anonymous_13)
FN:57,(anonymous_14)
FN:63,(anonymous_15)
FN:69,(anonymous_16)
FN:71,(anonymous_17)
FN:74,(anonymous_18)
FNF:19
FNH:0
FNDA:0,(anonymous_0)
FNDA:0,(anonymous_1)
FNDA:0,(anonymous_2)
FNDA:0,(anonymous_3)
FNDA:0,(anonymous_4)
FNDA:0,(anonymous_5)
FNDA:0,(anonymous_6)
FNDA:0,(anonymous_7)
FNDA:0,(anonymous_8)
FNDA:0,(anonymous_9)
FNDA:0,(anonymous_10)
FNDA:0,(anonymous_11)
FNDA:0,(anonymous_12)
FNDA:0,(anonymous_13)
FNDA:0,(anonymous_14)
FNDA:0,(anonymous_15)
FNDA:0,(anonymous_16)
FNDA:0,(anonymous_17)
FNDA:0,(anonymous_18)
DA:1,1
DA:2,0
DA:3,0
DA:4,0
DA:5,0
DA:7,0
DA:11,0
DA:13,0
DA:14,0
DA:15,0
DA:19,0
DA:22,0
DA:28,1
DA:29,0
DA:30,0
DA:31,0
DA:32,0
DA:33,0
DA:35,0
DA:36,0
DA:37,0
DA:38,0
DA:42,0
DA:47,1
DA:48,0
DA:49,0
DA:50,0
DA:51,0
DA:56,1
DA:57,0
DA:58,0
DA:59,0
DA:60,0
DA:64,0
DA:70,0
DA:72,0
DA:75,0
LF:37
LH:4
BRDA:13,0,0,0
BRDA:13,0,1,0
BRDA:35,1,0,0
BRDA:35,1,1,0
BRF:4
BRH:0
end_of_record
TN:
SF:/Volumes/MacOS Data/try-studio/client/src/redux/actions/dashActions.js
FN:1,(anonymous_0)
FN:2,(anonymous_1)
FN:9,(anonymous_2)
FN:14,(anonymous_3)
FN:16,(anonymous_4)
FN:20,(anonymous_5)
FN:22,(anonymous_6)
FNF:7
FNH:0
FNDA:0,(anonymous_0)
FNDA:0,(anonymous_1)
FNDA:0,(anonymous_2)
FNDA:0,(anonymous_3)
FNDA:0,(anonymous_4)
FNDA:0,(anonymous_5)
FNDA:0,(anonymous_6)
DA:1,1
DA:2,0
DA:3,0
DA:4,0
DA:5,0
DA:6,0
DA:7,0
DA:9,0
DA:11,0
DA:12,0
DA:13,0
DA:14,0
DA:15,0
DA:16,0
DA:17,0
DA:21,0
DA:23,0
LF:17
LH:1
BRDA:13,0,0,0
BRDA:13,0,1,0
BRDA:13,1,0,0
BRDA:13,1,1,0
BRF:4
BRH:0
end_of_record
TN:
SF:/Volumes/MacOS Data/try-studio/client/src/redux/actions/licenseActions.js
FN:3,(anonymous_0)
FN:4,(anonymous_1)
FN:11,(anonymous_2)
FN:26,(anonymous_3)
FN:27,(anonymous_4)
FN:32,(anonymous_5)
FN:34,(anonymous_6)
FNF:7
FNH:0
FNDA:0,(anonymous_0)
FNDA:0,(anonymous_1)
FNDA:0,(anonymous_2)
FNDA:0,(anonymous_3)
FNDA:0,(anonymous_4)
FNDA:0,(anonymous_5)
FNDA:0,(anonymous_6)
DA:3,1
DA:4,0
DA:5,0
DA:6,0
DA:7,0
DA:8,0
DA:9,0
DA:11,0
DA:13,0
DA:14,0
DA:15,0
DA:18,0
DA:19,0
DA:21,0
DA:26,0
DA:27,0
DA:28,0
DA:29,0
DA:30,0
DA:33,0
DA:35,0
LF:21
LH:1
BRDA:15,0,0,0
BRDA:15,0,1,0
BRDA:15,1,0,0
BRDA:15,1,1,0
BRDA:18,2,0,0
BRDA:18,2,1,0
BRF:6
BRH:0
end_of_record
TN:
SF:/Volumes/MacOS Data/try-studio/client/src/redux/reducers/authReducer.js
FN:6,(anonymous_0)
FNF:1
FNH:1
FNDA:3,(anonymous_0)
DA:1,1
DA:6,1
DA:7,3
DA:9,0
DA:14,0
DA:20,0
DA:25,0
DA:30,0
DA:32,0
DA:37,0
DA:42,3
LF:11
LH:4
BRDA:6,0,0,3
BRDA:7,1,0,0
BRDA:7,1,1,0
BRDA:7,1,2,0
BRDA:7,1,3,0
BRDA:7,1,4,0
BRDA:7,1,5,0
BRDA:7,1,6,0
BRDA:7,1,7,3
BRDA:11,2,0,0
BRDA:11,2,1,0
BRF:11
BRH:2
end_of_record
TN:
SF:/Volumes/MacOS Data/try-studio/client/src/redux/reducers/dashReducer.js
FN:6,(anonymous_0)
FNF:1
FNH:1
FNDA:3,(anonymous_0)
DA:1,1
DA:6,1
DA:7,3
DA:9,0
DA:15,0
DA:20,3
LF:6
LH:4
BRDA:6,0,0,3
BRDA:7,1,0,0
BRDA:7,1,1,0
BRDA:7,1,2,3
BRF:4
BRH:2
end_of_record
TN:
SF:/Volumes/MacOS Data/try-studio/client/src/redux/reducers/licenseReducer.js
FN:6,(anonymous_0)
FNF:1
FNH:1
FNDA:3,(anonymous_0)
DA:1,1
DA:6,1
DA:7,3
DA:9,0
DA:15,0
DA:20,3
LF:6
LH:4
BRDA:6,0,0,3
BRDA:7,1,0,0
BRDA:7,1,1,0
BRDA:7,1,2,3
BRF:4
BRH:2
end_of_record
TN:
SF:/Volumes/MacOS Data/try-studio/client/src/redux/reducers/rootReducer.js
FNF:0
FNH:0
DA:8,1
LF:1
LH:1
BRF:0
BRH:0
end_of_record
